#
# A fatal error has been detected by the Java Runtime Environment:
#
#  SIGSEGV (0xb) at pc=0x00007fe9a8db9d94, pid=21647, tid=0x00007fe988135700
#
# JRE version: Java(TM) SE Runtime Environment (8.0_101-b13) (build 1.8.0_101-b13)
# Java VM: Java HotSpot(TM) 64-Bit Server VM (25.101-b13 mixed mode linux-amd64 compressed oops)
# Problematic frame:
# V  [libjvm.so+0x8acd94]  Method::checked_resolve_jmethod_id(_jmethodID*)+0x34
#
# Failed to write core dump. Core dumps have been disabled. To enable core dumping, try "ulimit -c unlimited" before starting Java again
#
# If you would like to submit a bug report, please visit:
#   http://bugreport.java.com/bugreport/crash.jsp
#

---------------  T H R E A D  ---------------

Current thread (0x00007fe9a40d0000):  JavaThread "JDWP Transport Listener: dt_socket" daemon [_thread_in_vm, id=21663, stack(0x00007fe988035000,0x00007fe988136000)]

siginfo: si_signo: 11 (SIGSEGV), si_code: 1 (SEGV_MAPERR), si_addr: 0x00000065e2dbf341

Registers:
RAX=0x00000065e2dbf331, RBX=0x00000006c6d57758, RCX=0x00007fe9a9ef72c0, RDX=0x00007fe9a94cee80
RSP=0x00007fe9881346d0, RBP=0x00007fe9881346e0, RSI=0x00007fe9a40d0000, RDI=0x00000006c6d57758
R8 =0x00007fe95c011060, R9 =0x0000000000000000, R10=0x0000000000000010, R11=0x00007fe9a9682cc8
R12=0x0000000000000017, R13=0x00007fe95c012618, R14=0x00007fe9a40d0000, R15=0x00007fe9881347e7
RIP=0x00007fe9a8db9d94, EFLAGS=0x0000000000010206, CSGSFS=0x0000000000000033, ERR=0x0000000000000004
  TRAPNO=0x000000000000000e

Top of Stack: (sp=0x00007fe9881346d0)
0x00007fe9881346d0:   0000000000000074 00007fe9a400a240
0x00007fe9881346e0:   00007fe988134750 00007fe9a8c46efe
0x00007fe9881346f0:   00007fe988134710 00007fe988134700
0x00007fe988134700:   00007fe9a40d0000 0000000000000000
0x00007fe988134710:   00007fe900000000 0000000000000000
0x00007fe988134720:   00007fe988134740 00007fe9a39bce40
0x00007fe988134730:   00007fe95c012618 00007fe9881347e7
0x00007fe988134740:   000000000000000f 00007fe9881347e7
0x00007fe988134750:   00007fe988134780 00007fe9a37a88c2
0x00007fe988134760:   00007fe988134780 00007fe95c012618
0x00007fe988134770:   00007fe988134850 0000000000000078
0x00007fe988134780:   00007fe988134810 00007fe9a3789aa0
0x00007fe988134790:   00007fe9881347c8 00007fe9881347c0
0x00007fe9881347a0:   00007fe9881347b8 00007fe9881347dc
0x00007fe9881347b0:   000000015c002fc0 0000000000000000
0x00007fe9881347c0:   0000000000000000 0000000000000000
0x00007fe9881347d0:   00007fe95c0112b0 f000104188134850
0x00007fe9881347e0:   0100000000000010 0000000000000002
0x00007fe9881347f0:   000000000000000f 0000000000000002
0x00007fe988134800:   00000000000f0200 000000000000000f
0x00007fe988134810:   00007fe988134a60 00007fe9a37949c6
0x00007fe988134820:   0000619400000013 00007fe9a80f0200
0x00007fe988134830:   00007fe954000c40 0000000000000000
0x00007fe988134840:   00007fe988134850 00007fe9881349e0
0x00007fe988134850:   00007fe95c00e5be 00007fe900000302
0x00007fe988134860:   00007fe95c011280 000000000000012c
0x00007fe988134870:   00007fe9881348a0 00007fe95c00e3f0
0x00007fe988134880:   00007f0000000000 000061940000001c
0x00007fe988134890:   00007fe900004980 00007fe9881348a0
0x00007fe9881348a0:   e97f000010000000 08000000480f015c
0x00007fe9881348b0:   30246164626d616c 6f634c282e000000
0x00007fe9881348c0:   6e69646161762f6d 732f746e6576652f 

Instructions: (pc=0x00007fe9a8db9d94)
0x00007fe9a8db9d74:   83 c4 08 5b c9 c3 66 0f 1f 44 00 00 48 8b 1f 48
0x00007fe9a8db9d84:   85 db 74 e6 48 83 fb 37 74 e0 48 8b 03 48 89 df
0x00007fe9a8db9d94:   ff 50 10 84 c0 0f 1f 80 00 00 00 00 75 ce 66 0f
0x00007fe9a8db9da4:   1f 44 00 00 eb c4 66 0f 1f 44 00 00 55 48 89 e5 

Register to memory mapping:

RAX=0x00000065e2dbf331 is an unknown value
RBX=0x00000006c6d57758 is an oop
java.lang.Class 
 - klass: 'java/lang/Class'
RCX=0x00007fe9a9ef72c0: <offset 0x2182c0> in /lib/x86_64-linux-gnu/libpthread.so.0 at 0x00007fe9a9cdf000
RDX=0x00007fe9a94cee80: <offset 0xfc1e80> in /usr/lib/jvm/java-8-oracle/jre/lib/amd64/server/libjvm.so at 0x00007fe9a850d000
RSP=0x00007fe9881346d0 is pointing into the stack for thread: 0x00007fe9a40d0000
RBP=0x00007fe9881346e0 is pointing into the stack for thread: 0x00007fe9a40d0000
RSI=0x00007fe9a40d0000 is a thread
RDI=0x00000006c6d57758 is an oop
java.lang.Class 
 - klass: 'java/lang/Class'
R8 =0x00007fe95c011060 is an unknown value
R9 =0x0000000000000000 is an unknown value
R10=0x0000000000000010 is an unknown value
R11=0x00007fe9a9682cc8: <offset 0x187cc8> in /lib/x86_64-linux-gnu/libc.so.6 at 0x00007fe9a94fb000
R12=0x0000000000000017 is an unknown value
R13=0x00007fe95c012618 is an unknown value
R14=0x00007fe9a40d0000 is a thread
R15=0x00007fe9881347e7 is pointing into the stack for thread: 0x00007fe9a40d0000


Stack: [0x00007fe988035000,0x00007fe988136000],  sp=0x00007fe9881346d0,  free space=1021k
Native frames: (J=compiled Java code, j=interpreted, Vv=VM code, C=native code)
V  [libjvm.so+0x8acd94]  Method::checked_resolve_jmethod_id(_jmethodID*)+0x34
V  [libjvm.so+0x739efe]  jvmti_IsMethodSynthetic+0x2be
C  [libjdwp.so+0x258c2]  isMethodSynthetic+0x42
C  [libjdwp.so+0x6aa0]  methods1+0x1b0
C  [libjdwp.so+0x119c6]  debugLoop_run+0x2b6
C  [libjdwp.so+0x247ff]  attachThread+0x2f
V  [libjvm.so+0x7a63e2]  JvmtiAgentThread::call_start_function()+0xc2
V  [libjvm.so+0xa7343f]  JavaThread::thread_main_inner()+0xdf
V  [libjvm.so+0xa7356c]  JavaThread::run()+0x11c
V  [libjvm.so+0x924698]  java_start(Thread*)+0x108
C  [libpthread.so.0+0x76ba]  start_thread+0xca


---------------  P R O C E S S  ---------------

Java Threads: ( => current thread )
  0x00007fe93c00b800 JavaThread "Scheduler-447981768" [_thread_blocked, id=21710, stack(0x00007fe969ca9000,0x00007fe969daa000)]
  0x00007fe9a47ac800 JavaThread "org.eclipse.jetty.server.session.HashSessionManager@4009e306Timer" daemon [_thread_blocked, id=21686, stack(0x00007fe96a1e1000,0x00007fe96a2e2000)]
  0x00007fe9a4790000 JavaThread "qtp1285524499-19" [_thread_in_native, id=21682, stack(0x00007fe96a2e6000,0x00007fe96a3e7000)]
  0x00007fe9a478e000 JavaThread "qtp1285524499-18" [_thread_blocked, id=21681, stack(0x00007fe96a3e7000,0x00007fe96a4e8000)]
  0x00007fe9a478c800 JavaThread "qtp1285524499-17" [_thread_in_native, id=21679, stack(0x00007fe96a4e8000,0x00007fe96a5e9000)]
  0x00007fe9a478a800 JavaThread "qtp1285524499-16" [_thread_blocked, id=21678, stack(0x00007fe96a5e9000,0x00007fe96a6ea000)]
  0x00007fe9a4789000 JavaThread "qtp1285524499-15" [_thread_blocked, id=21677, stack(0x00007fe96a6ea000,0x00007fe96a7eb000)]
  0x00007fe9a4787800 JavaThread "qtp1285524499-14-acceptor-0@7f8d261b-ServerConnector@2805d709{HTTP/1.1,[http/1.1]}{0.0.0.0:5000}" [_thread_in_native, id=21676, stack(0x00007fe96a7eb000,0x00007fe96a8ec000)]
  0x00007fe9a4787000 JavaThread "qtp1285524499-13" [_thread_blocked, id=21675, stack(0x00007fe96a8ec000,0x00007fe96a9ed000)]
  0x00007fe9a4786000 JavaThread "qtp1285524499-12" [_thread_blocked, id=21674, stack(0x00007fe96a9ed000,0x00007fe96aaee000)]
  0x00007fe9a40f0000 JavaThread "Service Thread" daemon [_thread_blocked, id=21672, stack(0x00007fe96b7f6000,0x00007fe96b8f7000)]
  0x00007fe9a40da800 JavaThread "C1 CompilerThread2" daemon [_thread_blocked, id=21671, stack(0x00007fe96b8f7000,0x00007fe96b9f8000)]
  0x00007fe9a40d8800 JavaThread "C2 CompilerThread1" daemon [_thread_blocked, id=21670, stack(0x00007fe96b9f8000,0x00007fe96baf9000)]
  0x00007fe9a40d5800 JavaThread "C2 CompilerThread0" daemon [_thread_blocked, id=21669, stack(0x00007fe96baf9000,0x00007fe96bbfa000)]
  0x00007fe95c001000 JavaThread "JDWP Command Reader" daemon [_thread_in_native, id=21665, stack(0x00007fe96bbfa000,0x00007fe96bcfb000)]
  0x00007fe9a40d3800 JavaThread "JDWP Event Helper Thread" daemon [_thread_blocked, id=21664, stack(0x00007fe96bcfb000,0x00007fe96bdfc000)]
=>0x00007fe9a40d0000 JavaThread "JDWP Transport Listener: dt_socket" daemon [_thread_in_vm, id=21663, stack(0x00007fe988035000,0x00007fe988136000)]
  0x00007fe9a40c0000 JavaThread "Signal Dispatcher" daemon [_thread_blocked, id=21660, stack(0x00007fe988136000,0x00007fe988237000)]
  0x00007fe9a408e000 JavaThread "Finalizer" daemon [_thread_blocked, id=21659, stack(0x00007fe988237000,0x00007fe988338000)]
  0x00007fe9a4089800 JavaThread "Reference Handler" daemon [_thread_blocked, id=21658, stack(0x00007fe988338000,0x00007fe988439000)]
  0x00007fe9a4014000 JavaThread "main" [_thread_blocked, id=21648, stack(0x00007fe9a9ffc000,0x00007fe9aa0fd000)]

Other Threads:
  0x00007fe9a4081800 VMThread [stack: 0x00007fe988439000,0x00007fe98853a000] [id=21653]
  0x00007fe9a40fb800 WatcherThread [stack: 0x00007fe96b6f5000,0x00007fe96b7f6000] [id=21673]

VM state:not at safepoint (normal execution)

VM Mutex/Monitor currently owned by a thread: None

Heap:
 PSYoungGen      total 528896K, used 125293K [0x000000076ce00000, 0x000000078df00000, 0x00000007c0000000)
  eden space 516096K, 24% used [0x000000076ce00000,0x000000077485b400,0x000000078c600000)
  from space 12800K, 0% used [0x000000078d280000,0x000000078d280000,0x000000078df00000)
  to   space 12800K, 0% used [0x000000078c600000,0x000000078c600000,0x000000078d280000)
 ParOldGen       total 83968K, used 9825K [0x00000006c6a00000, 0x00000006cbc00000, 0x000000076ce00000)
  object space 83968K, 11% used [0x00000006c6a00000,0x00000006c7398680,0x00000006cbc00000)
 Metaspace       used 27081K, capacity 27966K, committed 28336K, reserved 1073152K
  class space    used 3447K, capacity 3641K, committed 3760K, reserved 1048576K

Card table byte_map: [0x00007fe992d3d000,0x00007fe993509000] byte_map_base: 0x00007fe98f708000

Marking Bits: (ParMarkBitMap*) 0x00007fe9a94ce120
 Begin Bits: [0x00007fe98a757000, 0x00007fe98e5af000)
 End Bits:   [0x00007fe98e5af000, 0x00007fe992407000)

Polling page: 0x00007fe9aa11e000

CodeCache: size=245760Kb used=11721Kb max_used=11721Kb free=234038Kb
 bounds [0x00007fe9938c9000, 0x00007fe994469000, 0x00007fe9a28c9000]
 total_blobs=3715 nmethods=3251 adapters=385
 compilation: enabled

Compilation events (10 events):
Event: 678,213 Thread 0x00007fe9a40da800 3906       3       org.eclipse.jetty.server.Request::getParameter (35 bytes)
Event: 678,214 Thread 0x00007fe9a40da800 nmethod 3906 0x00007fe993ab6090 code [0x00007fe993ab62c0, 0x00007fe993ab6f08]
Event: 678,214 Thread 0x00007fe9a40da800 3907       3       org.eclipse.jetty.util.MultiMap::getValue (35 bytes)
Event: 678,216 Thread 0x00007fe9a40da800 nmethod 3907 0x00007fe993ab5110 code [0x00007fe993ab5300, 0x00007fe993ab5c88]
Event: 678,216 Thread 0x00007fe9a40da800 3908       3       org.eclipse.jetty.util.MultiMap::getValues (26 bytes)
Event: 678,217 Thread 0x00007fe9a40da800 nmethod 3908 0x00007fe993cd8290 code [0x00007fe993cd8440, 0x00007fe993cd8a88]
Event: 715,780 Thread 0x00007fe9a40da800 3909       3       sun.nio.ch.Util::offerFirstTemporaryDirectBuffer (41 bytes)
Event: 715,780 Thread 0x00007fe9a40da800 nmethod 3909 0x00007fe994406910 code [0x00007fe994406ae0, 0x00007fe9944070d8]
Event: 715,780 Thread 0x00007fe9a40da800 3910       3       sun.nio.ch.Util$BufferCache::offerFirst (52 bytes)
Event: 715,780 Thread 0x00007fe9a40da800 nmethod 3910 0x00007fe994406150 code [0x00007fe9944062e0, 0x00007fe994406730]

GC Heap History (10 events):
Event: 15,443 GC heap before
{Heap before GC invocations=5 (full 0):
 PSYoungGen      total 139264K, used 139262K [0x000000076ce00000, 0x0000000776000000, 0x00000007c0000000)
  eden space 129024K, 100% used [0x000000076ce00000,0x0000000774c00000,0x0000000774c00000)
  from space 10240K, 99% used [0x0000000775600000,0x0000000775fffb08,0x0000000776000000)
  to   space 10240K, 0% used [0x0000000774c00000,0x0000000774c00000,0x0000000775600000)
 ParOldGen       total 171008K, used 2144K [0x00000006c6a00000, 0x00000006d1100000, 0x000000076ce00000)
  object space 171008K, 1% used [0x00000006c6a00000,0x00000006c6c18128,0x00000006d1100000)
 Metaspace       used 15978K, capacity 16196K, committed 16384K, reserved 1062912K
  class space    used 1913K, capacity 2000K, committed 2048K, reserved 1048576K
Event: 15,473 GC heap after
Heap after GC invocations=5 (full 0):
 PSYoungGen      total 139264K, used 10227K [0x000000076ce00000, 0x000000077e100000, 0x00000007c0000000)
  eden space 129024K, 0% used [0x000000076ce00000,0x000000076ce00000,0x0000000774c00000)
  from space 10240K, 99% used [0x0000000774c00000,0x00000007755fcc90,0x0000000775600000)
  to   space 11776K, 0% used [0x000000077d580000,0x000000077d580000,0x000000077e100000)
 ParOldGen       total 171008K, used 2952K [0x00000006c6a00000, 0x00000006d1100000, 0x000000076ce00000)
  object space 171008K, 1% used [0x00000006c6a00000,0x00000006c6ce2128,0x00000006d1100000)
 Metaspace       used 15978K, capacity 16196K, committed 16384K, reserved 1062912K
  class space    used 1913K, capacity 2000K, committed 2048K, reserved 1048576K
}
Event: 15,784 GC heap before
{Heap before GC invocations=6 (full 0):
 PSYoungGen      total 139264K, used 139251K [0x000000076ce00000, 0x000000077e100000, 0x00000007c0000000)
  eden space 129024K, 100% used [0x000000076ce00000,0x0000000774c00000,0x0000000774c00000)
  from space 10240K, 99% used [0x0000000774c00000,0x00000007755fcc90,0x0000000775600000)
  to   space 11776K, 0% used [0x000000077d580000,0x000000077d580000,0x000000077e100000)
 ParOldGen       total 171008K, used 2952K [0x00000006c6a00000, 0x00000006d1100000, 0x000000076ce00000)
  object space 171008K, 1% used [0x00000006c6a00000,0x00000006c6ce2128,0x00000006d1100000)
 Metaspace       used 16005K, capacity 16260K, committed 16640K, reserved 1064960K
  class space    used 1913K, capacity 2000K, committed 2048K, reserved 1048576K
Event: 15,805 GC heap after
Heap after GC invocations=6 (full 0):
 PSYoungGen      total 269824K, used 10718K [0x000000076ce00000, 0x000000077e100000, 0x00000007c0000000)
  eden space 258048K, 0% used [0x000000076ce00000,0x000000076ce00000,0x000000077ca00000)
  from space 11776K, 91% used [0x000000077d580000,0x000000077dff7b08,0x000000077e100000)
  to   space 11776K, 0% used [0x000000077ca00000,0x000000077ca00000,0x000000077d580000)
 ParOldGen       total 171008K, used 2960K [0x00000006c6a00000, 0x00000006d1100000, 0x000000076ce00000)
  object space 171008K, 1% used [0x00000006c6a00000,0x00000006c6ce4128,0x00000006d1100000)
 Metaspace       used 16005K, capacity 16260K, committed 16640K, reserved 1064960K
  class space    used 1913K, capacity 2000K, committed 2048K, reserved 1048576K
}
Event: 16,257 GC heap before
{Heap before GC invocations=7 (full 0):
 PSYoungGen      total 269824K, used 268766K [0x000000076ce00000, 0x000000077e100000, 0x00000007c0000000)
  eden space 258048K, 100% used [0x000000076ce00000,0x000000077ca00000,0x000000077ca00000)
  from space 11776K, 91% used [0x000000077d580000,0x000000077dff7b08,0x000000077e100000)
  to   space 11776K, 0% used [0x000000077ca00000,0x000000077ca00000,0x000000077d580000)
 ParOldGen       total 171008K, used 2960K [0x00000006c6a00000, 0x00000006d1100000, 0x000000076ce00000)
  object space 171008K, 1% used [0x00000006c6a00000,0x00000006c6ce4128,0x00000006d1100000)
 Metaspace       used 16051K, capacity 16260K, committed 16640K, reserved 1064960K
  class space    used 1915K, capacity 2000K, committed 2048K, reserved 1048576K
Event: 16,285 GC heap after
Heap after GC invocations=7 (full 0):
 PSYoungGen      total 269824K, used 4322K [0x000000076ce00000, 0x000000078df00000, 0x00000007c0000000)
  eden space 258048K, 0% used [0x000000076ce00000,0x000000076ce00000,0x000000077ca00000)
  from space 11776K, 36% used [0x000000077ca00000,0x000000077ce38bb0,0x000000077d580000)
  to   space 12800K, 0% used [0x000000078d280000,0x000000078d280000,0x000000078df00000)
 ParOldGen       total 171008K, used 11692K [0x00000006c6a00000, 0x00000006d1100000, 0x000000076ce00000)
  object space 171008K, 6% used [0x00000006c6a00000,0x00000006c756b288,0x00000006d1100000)
 Metaspace       used 16051K, capacity 16260K, committed 16640K, reserved 1064960K
  class space    used 1915K, capacity 2000K, committed 2048K, reserved 1048576K
}
Event: 21,374 GC heap before
{Heap before GC invocations=8 (full 0):
 PSYoungGen      total 269824K, used 58659K [0x000000076ce00000, 0x000000078df00000, 0x00000007c0000000)
  eden space 258048K, 21% used [0x000000076ce00000,0x00000007703102f0,0x000000077ca00000)
  from space 11776K, 36% used [0x000000077ca00000,0x000000077ce38bb0,0x000000077d580000)
  to   space 12800K, 0% used [0x000000078d280000,0x000000078d280000,0x000000078df00000)
 ParOldGen       total 171008K, used 11692K [0x00000006c6a00000, 0x00000006d1100000, 0x000000076ce00000)
  object space 171008K, 6% used [0x00000006c6a00000,0x00000006c756b288,0x00000006d1100000)
 Metaspace       used 20856K, capacity 21044K, committed 21296K, reserved 1069056K
  class space    used 2529K, capacity 2584K, committed 2608K, reserved 1048576K
Event: 21,387 GC heap after
Heap after GC invocations=8 (full 0):
 PSYoungGen      total 528896K, used 9013K [0x000000076ce00000, 0x000000078df00000, 0x00000007c0000000)
  eden space 516096K, 0% used [0x000000076ce00000,0x000000076ce00000,0x000000078c600000)
  from space 12800K, 70% used [0x000000078d280000,0x000000078db4d538,0x000000078df00000)
  to   space 12800K, 0% used [0x000000078c600000,0x000000078c600000,0x000000078d280000)
 ParOldGen       total 171008K, used 12332K [0x00000006c6a00000, 0x00000006d1100000, 0x000000076ce00000)
  object space 171008K, 7% used [0x00000006c6a00000,0x00000006c760b298,0x00000006d1100000)
 Metaspace       used 20856K, capacity 21044K, committed 21296K, reserved 1069056K
  class space    used 2529K, capacity 2584K, committed 2608K, reserved 1048576K
}
Event: 21,387 GC heap before
{Heap before GC invocations=9 (full 1):
 PSYoungGen      total 528896K, used 9013K [0x000000076ce00000, 0x000000078df00000, 0x00000007c0000000)
  eden space 516096K, 0% used [0x000000076ce00000,0x000000076ce00000,0x000000078c600000)
  from space 12800K, 70% used [0x000000078d280000,0x000000078db4d538,0x000000078df00000)
  to   space 12800K, 0% used [0x000000078c600000,0x000000078c600000,0x000000078d280000)
 ParOldGen       total 171008K, used 12332K [0x00000006c6a00000, 0x00000006d1100000, 0x000000076ce00000)
  object space 171008K, 7% used [0x00000006c6a00000,0x00000006c760b298,0x00000006d1100000)
 Metaspace       used 20856K, capacity 21044K, committed 21296K, reserved 1069056K
  class space    used 2529K, capacity 2584K, committed 2608K, reserved 1048576K
Event: 21,448 GC heap after
Heap after GC invocations=9 (full 1):
 PSYoungGen      total 528896K, used 0K [0x000000076ce00000, 0x000000078df00000, 0x00000007c0000000)
  eden space 516096K, 0% used [0x000000076ce00000,0x000000076ce00000,0x000000078c600000)
  from space 12800K, 0% used [0x000000078d280000,0x000000078d280000,0x000000078df00000)
  to   space 12800K, 0% used [0x000000078c600000,0x000000078c600000,0x000000078d280000)
 ParOldGen       total 83968K, used 9825K [0x00000006c6a00000, 0x00000006cbc00000, 0x000000076ce00000)
  object space 83968K, 11% used [0x00000006c6a00000,0x00000006c7398680,0x00000006cbc00000)
 Metaspace       used 20856K, capacity 21044K, committed 21296K, reserved 1069056K
  class space    used 2529K, capacity 2584K, committed 2608K, reserved 1048576K
}

Deoptimization events (10 events):
Event: 59,973 Thread 0x00007fe9a478c800 Uncommon trap: reason=unhandled action=none pc=0x00007fe993da646c method=java.net.URLClassLoader.findClass(Ljava/lang/String;)Ljava/lang/Class; @ 44
Event: 69,281 Thread 0x00007fe9a4790000 Uncommon trap: reason=unhandled action=none pc=0x00007fe993da646c method=java.net.URLClassLoader.findClass(Ljava/lang/String;)Ljava/lang/Class; @ 44
Event: 329,810 Thread 0x00007fe9a478c800 Uncommon trap: reason=unhandled action=none pc=0x00007fe993da646c method=java.net.URLClassLoader.findClass(Ljava/lang/String;)Ljava/lang/Class; @ 44
Event: 329,811 Thread 0x00007fe9a478c800 Uncommon trap: reason=unhandled action=none pc=0x00007fe993da646c method=java.net.URLClassLoader.findClass(Ljava/lang/String;)Ljava/lang/Class; @ 44
Event: 329,814 Thread 0x00007fe9a478c800 Uncommon trap: reason=class_check action=maybe_recompile pc=0x00007fe9943ce7a0 method=com.vaadin.server.JsonCodec.encode(Ljava/lang/Object;Lelemental/json/JsonValue;Ljava/lang/reflect/Type;Lcom/vaadin/ui/ConnectorTracker;)Lcom/vaadin/server/EncodeResult; 
Event: 329,815 Thread 0x00007fe9a478c800 Uncommon trap: reason=unhandled action=none pc=0x00007fe993da646c method=java.net.URLClassLoader.findClass(Ljava/lang/String;)Ljava/lang/Class; @ 44
Event: 329,815 Thread 0x00007fe9a478c800 Uncommon trap: reason=unhandled action=none pc=0x00007fe993da646c method=java.net.URLClassLoader.findClass(Ljava/lang/String;)Ljava/lang/Class; @ 44
Event: 329,815 Thread 0x00007fe9a478c800 Uncommon trap: reason=unhandled action=none pc=0x00007fe993da646c method=java.net.URLClassLoader.findClass(Ljava/lang/String;)Ljava/lang/Class; @ 44
Event: 329,815 Thread 0x00007fe9a478c800 Uncommon trap: reason=unhandled action=none pc=0x00007fe993da646c method=java.net.URLClassLoader.findClass(Ljava/lang/String;)Ljava/lang/Class; @ 44
Event: 439,636 Thread 0x00007fe9a478c800 Uncommon trap: reason=class_check action=maybe_recompile pc=0x00007fe9943ce7a0 method=com.vaadin.server.JsonCodec.encode(Ljava/lang/Object;Lelemental/json/JsonValue;Ljava/lang/reflect/Type;Lcom/vaadin/ui/ConnectorTracker;)Lcom/vaadin/server/EncodeResult; 

Internal exceptions (10 events):
Event: 42,224 Thread 0x00007fe9a478e000 Exception <a 'java/lang/ClassNotFoundException': com/vaadin/shared/ui/grid/GridStateCustomizer> (0x00000007726f9f98) thrown at [/HUDSON3/workspace/8-2-build-linux-amd64/jdk8u101/7261/hotspot/src/share/vm/classfile/systemDictionary.cpp, line 210]
Event: 42,226 Thread 0x00007fe9a478e000 Exception <a 'java/lang/ClassNotFoundException': com/vaadin/shared/ui/grid/SectionStateBeanInfo> (0x00000007727126f0) thrown at [/HUDSON3/workspace/8-2-build-linux-amd64/jdk8u101/7261/hotspot/src/share/vm/classfile/systemDictionary.cpp, line 210]
Event: 42,226 Thread 0x00007fe9a478e000 Exception <a 'java/lang/ClassNotFoundException': com/vaadin/shared/ui/grid/SectionStateCustomizer> (0x0000000772728190) thrown at [/HUDSON3/workspace/8-2-build-linux-amd64/jdk8u101/7261/hotspot/src/share/vm/classfile/systemDictionary.cpp, line 210]
Event: 42,228 Thread 0x00007fe9a478e000 Exception <a 'java/lang/ClassNotFoundException': com/vaadin/shared/ui/grid/SectionState$RowStateBeanInfo> (0x0000000772746428) thrown at [/HUDSON3/workspace/8-2-build-linux-amd64/jdk8u101/7261/hotspot/src/share/vm/classfile/systemDictionary.cpp, line 210]
Event: 42,228 Thread 0x00007fe9a478e000 Exception <a 'java/lang/ClassNotFoundException': com/vaadin/shared/ui/grid/SectionState$RowStateCustomizer> (0x000000077275e500) thrown at [/HUDSON3/workspace/8-2-build-linux-amd64/jdk8u101/7261/hotspot/src/share/vm/classfile/systemDictionary.cpp, line 21
Event: 42,239 Thread 0x00007fe9a478e000 Exception <a 'java/lang/ClassNotFoundException': com/vaadin/shared/ui/grid/SectionState$CellStateBeanInfo> (0x00000007727796f8) thrown at [/HUDSON3/workspace/8-2-build-linux-amd64/jdk8u101/7261/hotspot/src/share/vm/classfile/systemDictionary.cpp, line 210
Event: 42,240 Thread 0x00007fe9a478e000 Exception <a 'java/lang/ClassNotFoundException': com/vaadin/shared/ui/grid/SectionState$CellStateCustomizer> (0x00000007727917d8) thrown at [/HUDSON3/workspace/8-2-build-linux-amd64/jdk8u101/7261/hotspot/src/share/vm/classfile/systemDictionary.cpp, line 2
Event: 59,976 Thread 0x00007fe9a478c800 Exception <a 'java/lang/NoSuchMethodError': java.lang.Object.lambda$thenComparing$36697e65$1(Ljava/util/Comparator;Ljava/lang/Object;Ljava/lang/Object;)I> (0x0000000770c1b7a0) thrown at [/HUDSON3/workspace/8-2-build-linux-amd64/jdk8u101/7261/hotspot/src/s
Event: 329,815 Thread 0x00007fe9a478c800 Exception <a 'java/lang/ClassNotFoundException': com/vaadin/shared/ui/grid/renderers/HtmlRendererStateBeanInfo> (0x0000000770de7f38) thrown at [/HUDSON3/workspace/8-2-build-linux-amd64/jdk8u101/7261/hotspot/src/share/vm/classfile/systemDictionary.cpp, lin
Event: 329,816 Thread 0x00007fe9a478c800 Exception <a 'java/lang/ClassNotFoundException': com/vaadin/shared/ui/grid/renderers/HtmlRendererStateCustomizer> (0x0000000770e01f20) thrown at [/HUDSON3/workspace/8-2-build-linux-amd64/jdk8u101/7261/hotspot/src/share/vm/classfile/systemDictionary.cpp, l

Events (10 events):
Event: 507,468 Thread 0x00007fe9a40da800 flushing nmethod 0x00007fe99427dc10
Event: 507,469 Thread 0x00007fe9a40da800 flushing nmethod 0x00007fe9942a79d0
Event: 507,469 Thread 0x00007fe9a40da800 flushing nmethod 0x00007fe9942c5dd0
Event: 507,469 Thread 0x00007fe9a40da800 flushing nmethod 0x00007fe9942e0010
Event: 507,469 Thread 0x00007fe9a40da800 flushing nmethod 0x00007fe9942e88d0
Event: 507,469 Thread 0x00007fe9a40da800 flushing nmethod 0x00007fe9942fca50
Event: 578,362 Executing VM operation: RevokeBias
Event: 578,362 Executing VM operation: RevokeBias done
Event: 665,627 Executing VM operation: RevokeBias
Event: 665,627 Executing VM operation: RevokeBias done


Dynamic libraries:
00400000-00401000 r-xp 00000000 08:05 289134                             /usr/lib/jvm/java-8-oracle/bin/java
00600000-00601000 rw-p 00000000 08:05 289134                             /usr/lib/jvm/java-8-oracle/bin/java
013bb000-013dc000 rw-p 00000000 00:00 0                                  [heap]
6c6a00000-6cbc00000 rw-p 00000000 00:00 0 
6cbc00000-76ce00000 ---p 00000000 00:00 0 
76ce00000-78df00000 rw-p 00000000 00:00 0 
78df00000-7c0000000 ---p 00000000 00:00 0 
7c0000000-7c03ac000 rw-p 00000000 00:00 0 
7c03ac000-800000000 ---p 00000000 00:00 0 
7fe908000000-7fe90999a000 rw-p 00000000 00:00 0 
7fe90999a000-7fe90c000000 ---p 00000000 00:00 0 
7fe914000000-7fe914021000 rw-p 00000000 00:00 0 
7fe914021000-7fe918000000 ---p 00000000 00:00 0 
7fe91c000000-7fe91c021000 rw-p 00000000 00:00 0 
7fe91c021000-7fe920000000 ---p 00000000 00:00 0 
7fe920000000-7fe920021000 rw-p 00000000 00:00 0 
7fe920021000-7fe924000000 ---p 00000000 00:00 0 
7fe924000000-7fe924352000 rw-p 00000000 00:00 0 
7fe924352000-7fe928000000 ---p 00000000 00:00 0 
7fe928000000-7fe92807e000 rw-p 00000000 00:00 0 
7fe92807e000-7fe92c000000 ---p 00000000 00:00 0 
7fe92c000000-7fe92c021000 rw-p 00000000 00:00 0 
7fe92c021000-7fe930000000 ---p 00000000 00:00 0 
7fe930000000-7fe930492000 rw-p 00000000 00:00 0 
7fe930492000-7fe934000000 ---p 00000000 00:00 0 
7fe934000000-7fe93408a000 rw-p 00000000 00:00 0 
7fe93408a000-7fe938000000 ---p 00000000 00:00 0 
7fe938000000-7fe938079000 rw-p 00000000 00:00 0 
7fe938079000-7fe93c000000 ---p 00000000 00:00 0 
7fe93c000000-7fe93c021000 rw-p 00000000 00:00 0 
7fe93c021000-7fe940000000 ---p 00000000 00:00 0 
7fe940000000-7fe9405b3000 rw-p 00000000 00:00 0 
7fe9405b3000-7fe944000000 ---p 00000000 00:00 0 
7fe944000000-7fe944021000 rw-p 00000000 00:00 0 
7fe944021000-7fe948000000 ---p 00000000 00:00 0 
7fe948000000-7fe948021000 rw-p 00000000 00:00 0 
7fe948021000-7fe94c000000 ---p 00000000 00:00 0 
7fe94c000000-7fe94fffd000 rw-p 00000000 00:00 0 
7fe94fffd000-7fe950000000 ---p 00000000 00:00 0 
7fe950000000-7fe950b2f000 rw-p 00000000 00:00 0 
7fe950b2f000-7fe954000000 ---p 00000000 00:00 0 
7fe954000000-7fe954021000 rw-p 00000000 00:00 0 
7fe954021000-7fe958000000 ---p 00000000 00:00 0 
7fe958000000-7fe95bfff000 rw-p 00000000 00:00 0 
7fe95bfff000-7fe95c000000 ---p 00000000 00:00 0 
7fe95c000000-7fe95c2bd000 rw-p 00000000 00:00 0 
7fe95c2bd000-7fe960000000 ---p 00000000 00:00 0 
7fe960000000-7fe960021000 rw-p 00000000 00:00 0 
7fe960021000-7fe964000000 ---p 00000000 00:00 0 
7fe964000000-7fe964021000 rw-p 00000000 00:00 0 
7fe964021000-7fe968000000 ---p 00000000 00:00 0 
7fe9682e6000-7fe9684e6000 rw-p 00000000 00:00 0 
7fe9684e6000-7fe9684e9000 ---p 00000000 00:00 0 
7fe9684e9000-7fe9687e7000 rw-p 00000000 00:00 0 
7fe9687e7000-7fe9687fe000 r-xp 00000000 08:05 148502                     /lib/x86_64-linux-gnu/libresolv-2.23.so
7fe9687fe000-7fe9689fe000 ---p 00017000 08:05 148502                     /lib/x86_64-linux-gnu/libresolv-2.23.so
7fe9689fe000-7fe9689ff000 r--p 00017000 08:05 148502                     /lib/x86_64-linux-gnu/libresolv-2.23.so
7fe9689ff000-7fe968a00000 rw-p 00018000 08:05 148502                     /lib/x86_64-linux-gnu/libresolv-2.23.so
7fe968a00000-7fe968a02000 rw-p 00000000 00:00 0 
7fe968a02000-7fe968a07000 r-xp 00000000 08:05 131374                     /lib/x86_64-linux-gnu/libnss_dns-2.23.so
7fe968a07000-7fe968c07000 ---p 00005000 08:05 131374                     /lib/x86_64-linux-gnu/libnss_dns-2.23.so
7fe968c07000-7fe968c08000 r--p 00005000 08:05 131374                     /lib/x86_64-linux-gnu/libnss_dns-2.23.so
7fe968c08000-7fe968c09000 rw-p 00006000 08:05 131374                     /lib/x86_64-linux-gnu/libnss_dns-2.23.so
7fe968c09000-7fe968c0b000 r-xp 00000000 08:05 136551                     /lib/x86_64-linux-gnu/libnss_mdns4_minimal.so.2
7fe968c0b000-7fe968e0a000 ---p 00002000 08:05 136551                     /lib/x86_64-linux-gnu/libnss_mdns4_minimal.so.2
7fe968e0a000-7fe968e0b000 r--p 00001000 08:05 136551                     /lib/x86_64-linux-gnu/libnss_mdns4_minimal.so.2
7fe968e0b000-7fe968e0c000 rw-p 00002000 08:05 136551                     /lib/x86_64-linux-gnu/libnss_mdns4_minimal.so.2
7fe968e2a000-7fe968e40000 r-xp 00000000 08:05 136484                     /lib/x86_64-linux-gnu/libgcc_s.so.1
7fe968e40000-7fe96903f000 ---p 00016000 08:05 136484                     /lib/x86_64-linux-gnu/libgcc_s.so.1
7fe96903f000-7fe969040000 rw-p 00015000 08:05 136484                     /lib/x86_64-linux-gnu/libgcc_s.so.1
7fe969045000-7fe969058000 r--s 00345000 08:05 549329                     /usr/lib/jvm/java-8-oracle/jre/lib/resources.jar
7fe969058000-7fe96905e000 r--s 0003f000 08:05 549346                     /usr/lib/jvm/java-8-oracle/jre/lib/ext/sunjce_provider.jar
7fe96905e000-7fe969090000 r-xp 00000000 08:05 549240                     /usr/lib/jvm/java-8-oracle/jre/lib/amd64/libsunec.so
7fe969090000-7fe96928f000 ---p 00032000 08:05 549240                     /usr/lib/jvm/java-8-oracle/jre/lib/amd64/libsunec.so
7fe96928f000-7fe969295000 rw-p 00031000 08:05 549240                     /usr/lib/jvm/java-8-oracle/jre/lib/amd64/libsunec.so
7fe969295000-7fe9694a5000 rw-p 00000000 00:00 0 
7fe9694a5000-7fe9694a6000 r--s 00009000 08:05 549345                     /usr/lib/jvm/java-8-oracle/jre/lib/ext/sunec.jar
7fe9694a6000-7fe9694a9000 r--s 0001a000 08:05 549333                     /usr/lib/jvm/java-8-oracle/jre/lib/jce.jar
7fe9694a9000-7fe9696a9000 rw-p 00000000 00:00 0 
7fe9696a9000-7fe9698a9000 rw-p 00000000 00:00 0 
7fe9698a9000-7fe969aa9000 rw-p 00000000 00:00 0 
7fe969aa9000-7fe969ca9000 rw-p 00000000 00:00 0 
7fe969ca9000-7fe969cac000 ---p 00000000 00:00 0 
7fe969cac000-7fe969daa000 rw-p 00000000 00:00 0 
7fe969daa000-7fe969dbb000 r-xp 00000000 08:05 549255                     /usr/lib/jvm/java-8-oracle/jre/lib/amd64/libnio.so
7fe969dbb000-7fe969fba000 ---p 00011000 08:05 549255                     /usr/lib/jvm/java-8-oracle/jre/lib/amd64/libnio.so
7fe969fba000-7fe969fbb000 rw-p 00010000 08:05 549255                     /usr/lib/jvm/java-8-oracle/jre/lib/amd64/libnio.so
7fe969fbb000-7fe969fd7000 r--s 00393000 08:05 549351                     /usr/lib/jvm/java-8-oracle/jre/lib/ext/cldrdata.jar
7fe969fd7000-7fe969fe1000 r--s 00116000 08:05 549348                     /usr/lib/jvm/java-8-oracle/jre/lib/ext/localedata.jar
7fe969fe1000-7fe96a1e1000 rw-p 00000000 00:00 0 
7fe96a1e1000-7fe96a1e4000 ---p 00000000 00:00 0 
7fe96a1e4000-7fe96a2e2000 rw-p 00000000 00:00 0 
7fe96a2e2000-7fe96a2e6000 r--s 00097000 08:05 547472                     /usr/lib/jvm/java-8-oracle/jre/lib/jsse.jar
7fe96a2e6000-7fe96a2e9000 ---p 00000000 00:00 0 
7fe96a2e9000-7fe96a3e7000 rw-p 00000000 00:00 0 
7fe96a3e7000-7fe96a3ea000 ---p 00000000 00:00 0 
7fe96a3ea000-7fe96a4e8000 rw-p 00000000 00:00 0 
7fe96a4e8000-7fe96a4eb000 ---p 00000000 00:00 0 
7fe96a4eb000-7fe96a5e9000 rw-p 00000000 00:00 0 
7fe96a5e9000-7fe96a5ec000 ---p 00000000 00:00 0 
7fe96a5ec000-7fe96a6ea000 rw-p 00000000 00:00 0 
7fe96a6ea000-7fe96a6ed000 ---p 00000000 00:00 0 
7fe96a6ed000-7fe96a7eb000 rw-p 00000000 00:00 0 
7fe96a7eb000-7fe96a7ee000 ---p 00000000 00:00 0 
7fe96a7ee000-7fe96a8ec000 rw-p 00000000 00:00 0 
7fe96a8ec000-7fe96a8ef000 ---p 00000000 00:00 0 
7fe96a8ef000-7fe96a9ed000 rw-p 00000000 00:00 0 
7fe96a9ed000-7fe96a9f0000 ---p 00000000 00:00 0 
7fe96a9f0000-7fe96aaee000 rw-p 00000000 00:00 0 
7fe96aaee000-7fe96aaf7000 r-xp 00000000 08:05 549266                     /usr/lib/jvm/java-8-oracle/jre/lib/amd64/libmanagement.so
7fe96aaf7000-7fe96acf6000 ---p 00009000 08:05 549266                     /usr/lib/jvm/java-8-oracle/jre/lib/amd64/libmanagement.so
7fe96acf6000-7fe96acf7000 rw-p 00008000 08:05 549266                     /usr/lib/jvm/java-8-oracle/jre/lib/amd64/libmanagement.so
7fe96acf7000-7fe96aff8000 rw-p 00000000 00:00 0 
7fe96aff8000-7fe96b00e000 r-xp 00000000 08:05 549232                     /usr/lib/jvm/java-8-oracle/jre/lib/amd64/libnet.so
7fe96b00e000-7fe96b20e000 ---p 00016000 08:05 549232                     /usr/lib/jvm/java-8-oracle/jre/lib/amd64/libnet.so
7fe96b20e000-7fe96b20f000 rw-p 00016000 08:05 549232                     /usr/lib/jvm/java-8-oracle/jre/lib/amd64/libnet.so
7fe96b20f000-7fe96b216000 r--s 0003f000 08:06 2495261                    /home/sanyi/.gradle/caches/modules-2/files-2.1/commons-codec/commons-codec/1.10/4b95f4897fa13f2cd904aee711aeafc0c5295cd8/commons-codec-1.10.jar
7fe96b216000-7fe96b217000 r--s 00007000 08:06 1312260                    /home/sanyi/.gradle/caches/modules-2/files-2.1/org.slf4j/slf4j-api/1.7.12/8e20852d05222dc286bf1c71d78d0531e177c317/slf4j-api-1.7.12.jar
7fe96b217000-7fe96b219000 r--s 00009000 08:06 658325                     /home/sanyi/.gradle/caches/modules-2/files-2.1/org.eclipse.jetty.websocket/websocket-api/9.2.13.v20150730/11f8b6f733f45e218bcdf0406667af99995bc45b/websocket-api-9.2.13.v20150730.jar
7fe96b219000-7fe96b21e000 r--s 00036000 08:06 658323                     /home/sanyi/.gradle/caches/modules-2/files-2.1/org.mortbay.jasper/apache-el/8.0.9.M3/98daa71c32b7d27dd9463b36de9cebab3f2e5e2e/apache-el-8.0.9.M3.jar
7fe96b21e000-7fe96b220000 r--s 00009000 08:06 2886890                    /home/sanyi/.gradle/caches/modules-2/files-2.1/org.eclipse.jetty/jetty-jndi/9.2.14.v20151106/c5fb5420a99b8aee335a3ff804c6094eb9034d04/jetty-jndi-9.2.14.v20151106.jar
7fe96b220000-7fe96b224000 r--s 00028000 08:06 658315                     /home/sanyi/.gradle/caches/modules-2/files-2.1/org.eclipse.jetty.websocket/websocket-common/9.2.13.v20150730/1e7b1ef77f4bd774b4bbaf5495772194ef8da691/websocket-common-9.2.13.v20150730.jar
7fe96b224000-7fe96b22d000 r--s 0002d000 08:06 1966397                    /home/sanyi/.gradle/caches/modules-2/files-2.1/xml-apis/xml-apis/1.4.01/3789d9fada2d3d458c4ba2de349d48780f381ee3/xml-apis-1.4.01.jar
7fe96b22d000-7fe96b234000 r--s 00049000 08:06 2886888                    /home/sanyi/.gradle/caches/modules-2/files-2.1/org.apache.httpcomponents/httpcore/4.4.3/e876a79d561e5c6207b78d347e198c8c4531a5e5/httpcore-4.4.3.jar
7fe96b234000-7fe96b238000 r--s 00040000 08:06 2495271                    /home/sanyi/.gradle/caches/modules-2/files-2.1/xalan/serializer/2.7.2/24247f3bb052ee068971393bdb83e04512bb1c3c/serializer-2.7.2.jar
7fe96b238000-7fe96b239000 r--s 00002000 08:06 658313                     /home/sanyi/.gradle/caches/modules-2/files-2.1/com.google.jsinterop/jsinterop-annotations/1.0.1/90645da74a2fc6e8fd8ba81b34899aef0d553d89/jsinterop-annotations-1.0.1-sources.jar
7fe96b239000-7fe96b23a000 r--s 00000000 08:06 658311                     /home/sanyi/.gradle/caches/modules-2/files-2.1/com.google.jsinterop/jsinterop-annotations/1.0.1/e9135c43d12b30a6d02706e97ce256a90d68dc9d/jsinterop-annotations-1.0.1.jar
7fe96b23a000-7fe96b248000 r--s 000dc000 08:06 658309                     /home/sanyi/.gradle/caches/modules-2/files-2.1/org.mortbay.jasper/apache-jsp/8.0.9.M3/e46309f2423c0d7321cc2a0928f4e411b82aee9/apache-jsp-8.0.9.M3.jar
7fe96b248000-7fe96b24a000 r--s 0002c000 08:06 658307                     /home/sanyi/.gradle/caches/modules-2/files-2.1/org.eclipse.jetty.toolchain/jetty-schemas/3.1.M0/6179bafb6ed2eb029862356df6713078c7874f85/jetty-schemas-3.1.M0.jar
7fe96b24a000-7fe96b24c000 r--s 0000c000 08:06 2495269                    /home/sanyi/.gradle/caches/modules-2/files-2.1/org.eclipse.jetty/jetty-plus/9.2.14.v20151106/1e9304873f2d3563d814a1e714add6b6b3ac0b24/jetty-plus-9.2.14.v20151106.jar
7fe96b24c000-7fe96b24d000 r--s 00003000 08:06 2098169                    /home/sanyi/.gradle/caches/modules-2/files-2.1/org.eclipse.jetty/jetty-continuation/9.2.14.v20151106/8909d62fd7e28351e2da30de6fb4105539b949c0/jetty-continuation-9.2.14.v20151106.jar
7fe96b24d000-7fe96b24e000 r--s 00008000 08:06 658305                     /home/sanyi/.gradle/caches/modules-2/files-2.1/org.eclipse.jetty.websocket/websocket-client/9.2.13.v20150730/52833f983df57fd6aaae9642d39b87a82d38c177/websocket-client-9.2.13.v20150730.jar
7fe96b24e000-7fe96b250000 r--s 0000e000 08:06 2495267                    /home/sanyi/.gradle/caches/modules-2/files-2.1/commons-logging/commons-logging/1.2/4bfc12adfe4842bf07b657f0369c4cb522955686/commons-logging-1.2.jar
7fe96b250000-7fe96b254000 r--s 00058000 08:06 2495265                    /home/sanyi/.gradle/caches/modules-2/files-2.1/net.sourceforge.cssparser/cssparser/0.9.18/61c015378d27b5e245a5deb7a324c7e716b4706a/cssparser-0.9.18.jar
7fe96b254000-7fe96b256000 r--s 0001d000 08:06 2495263                    /home/sanyi/.gradle/caches/modules-2/files-2.1/net.sourceforge.nekohtml/nekohtml/1.9.22/4f54af68ecb345f2453fb6884672ad08414154e3/nekohtml-1.9.22.jar
7fe96b256000-7fe96b26f000 r--s 00135000 08:06 1966395                    /home/sanyi/.gradle/caches/modules-2/files-2.1/xerces/xercesImpl/2.11.0/9bb329db1cfc4e22462c9d6b43a8432f5850e92c/xercesImpl-2.11.0.jar
7fe96b26f000-7fe96b27d000 r--s 000fc000 08:06 658302                     /home/sanyi/.gradle/caches/modules-2/files-2.1/net.sourceforge.htmlunit/htmlunit-core-js/2.17/4316d68f449d42f69faf4ee255aa31b03e4f7dd5/htmlunit-core-js-2.17.jar
7fe96b27d000-7fe96b27e000 r--s 00009000 08:06 2361368                    /home/sanyi/.gradle/caches/modules-2/files-2.1/org.apache.httpcomponents/httpmime/4.5.1/96823b9421ebb9f490dec837d9f96134e864e3a7/httpmime-4.5.1.jar
7fe96b27e000-7fe96b28b000 r--s 000a6000 08:06 2241383                    /home/sanyi/.gradle/caches/modules-2/files-2.1/org.apache.httpcomponents/httpclient/4.5.1/7e3cecc566df91338c6c67883b89ddd05a17db43/httpclient-4.5.1.jar
7fe96b28b000-7fe96b2b0000 r--s 002de000 08:06 2100710                    /home/sanyi/.gradle/caches/modules-2/files-2.1/xalan/xalan/2.7.2/d55d3f02a56ec4c25695fe67e1334ff8c2ecea23/xalan-2.7.2.jar
7fe96b2b0000-7fe96b2b2000 r--s 00006000 08:06 1966413                    /home/sanyi/.gradle/caches/modules-2/files-2.1/org.ow2.asm/asm-tree/5.0.3/287749b48ba7162fb67c93a026d690b29f410bed/asm-tree-5.0.3.jar
7fe96b2b2000-7fe96b2b4000 r--s 00005000 08:06 658292                     /home/sanyi/.gradle/caches/modules-2/files-2.1/org.objenesis/objenesis/1.0/9b473564e792c2bdf1449da1f0b1b5bff9805704/objenesis-1.0.jar
7fe96b2b4000-7fe96b2e2000 rw-p 00000000 00:00 0 
7fe96b2e2000-7fe96b414000 r--s 00e52000 08:06 658290                     /home/sanyi/.gradle/caches/modules-2/files-2.1/com.google.gwt/gwt-user/2.8.0/518579870499e15531f454f35dca0772d7fa31f7/gwt-user-2.8.0.jar
7fe96b414000-7fe96b415000 r--s 00000000 08:06 2098181                    /home/sanyi/.gradle/caches/modules-2/files-2.1/javax.inject/javax.inject/1/6975da39a7040257bd51d21a231b76c915872d38/javax.inject-1.jar
7fe96b415000-7fe96b416000 r--s 00002000 08:06 658288                     /home/sanyi/.gradle/caches/modules-2/files-2.1/org.eclipse.jetty/apache-jsp/9.2.14.v20151106/756745c6efff964ae8d183866b962a534f20e30/apache-jsp-9.2.14.v20151106.jar
7fe96b416000-7fe96b418000 r--s 00012000 08:06 2495259                    /home/sanyi/.gradle/caches/modules-2/files-2.1/org.eclipse.jetty/jetty-annotations/9.2.14.v20151106/bb7030e5d13eaf9023f38e297c8b2fcae4f8be9b/jetty-annotations-9.2.14.v20151106.jar
7fe96b418000-7fe96b41a000 r--s 0001c000 08:06 2495257                    /home/sanyi/.gradle/caches/modules-2/files-2.1/org.eclipse.jetty/jetty-servlets/9.2.14.v20151106/a75c78a0ee544073457ca5ee9db20fdc6ed55225/jetty-servlets-9.2.14.v20151106.jar
7fe96b41a000-7fe96b440000 r--s 001ac000 08:06 658286                     /home/sanyi/.gradle/caches/modules-2/files-2.1/net.sourceforge.htmlunit/htmlunit/2.19/230f011fa87e96ff4115cd8c9d1572572d718b3e/htmlunit-2.19.jar
7fe96b440000-7fe96b459000 r--s 000f1000 08:06 658284                     /home/sanyi/.gradle/caches/modules-2/files-2.1/tapestry/tapestry/4.0.2/e855a807425d522e958cbce8697f21e9d679b1f7/tapestry-4.0.2.jar
7fe96b459000-7fe96b4a7000 r--s 0087c000 08:06 1966399                    /home/sanyi/.gradle/caches/modules-2/files-2.1/com.ibm.icu/icu4j/50.1.1/c1267563fd08f2885bc1f934ddaca15d19c3d888/icu4j-50.1.1.jar
7fe96b4a7000-7fe96b4ab000 r--s 0002a000 08:06 1966379                    /home/sanyi/.gradle/caches/modules-2/files-2.1/commons-io/commons-io/2.4/b1b6ea3b7e4aa4f492509a4952029cd8e48019ad/commons-io-2.4.jar
7fe96b4ab000-7fe96b4b8000 r--s 00083000 08:06 1966357                    /home/sanyi/.gradle/caches/modules-2/files-2.1/commons-collections/commons-collections/3.2.2/8ad72fe39fa8c91eaaf12aadb21e0c3661fe26d5/commons-collections-3.2.2.jar
7fe96b4b8000-7fe96b4c7000 r--s 000ee000 08:06 1966361                    /home/sanyi/.gradle/caches/modules-2/files-2.1/ant/ant/1.6.5/7d18faf23df1a5c3a43613952e0e8a182664564b/ant-1.6.5.jar
7fe96b4c7000-7fe96b4d5000 r--s 00081000 08:06 658282                     /home/sanyi/.gradle/caches/modules-2/files-2.1/colt/colt/1.2.0/abc984f3adc760684d49e0f11ddf167ba516d4f/colt-1.2.0.jar
7fe96b4d5000-7fe96b4d7000 r--s 00009000 08:06 1966371                    /home/sanyi/.gradle/caches/modules-2/files-2.1/org.ow2.asm/asm-commons/5.0.3/a7111830132c7f87d08fe48cb0ca07630f8cb91c/asm-commons-5.0.3.jar
7fe96b4d7000-7fe96b4d8000 r--s 0000a000 08:06 1966369                    /home/sanyi/.gradle/caches/modules-2/files-2.1/org.ow2.asm/asm-util/5.0.3/1512e5571325854b05fb1efce1db75fcced54389/asm-util-5.0.3.jar
7fe96b4d8000-7fe96b4d9000 r--s 0000c000 08:06 1966367                    /home/sanyi/.gradle/caches/modules-2/files-2.1/org.ow2.asm/asm/5.0.3/dcc2193db20e19e1feca8b1240dbbc4e190824fa/asm-5.0.3.jar
7fe96b4d9000-7fe96b4df000 r--s 00033000 08:06 658279                     /home/sanyi/.gradle/caches/modules-2/files-2.1/com.google.code.gson/gson/2.6.2/f1bc476cc167b18e66c297df599b2377131a8947/gson-2.6.2.jar
7fe96b4df000-7fe96b4fe000 r--s 00150000 08:06 394067                     /home/sanyi/.gradle/caches/modules-2/files-2.1/org.mockito/mockito-core/1.9.5/c3264abeea62c4d2f367e21484fbb40c7e256393/mockito-core-1.9.5.jar
7fe96b4fe000-7fe96b530000 r--s 00180000 08:06 393976                     /home/sanyi/.gradle/caches/modules-2/files-2.1/com.google.gwt/gwt-elemental/2.8.0/a560c19539a5551d853888968427f292dddf281a/gwt-elemental-2.8.0.jar
7fe96b530000-7fe96b532000 r--s 00012000 08:06 1837543                    /home/sanyi/.gradle/caches/modules-2/files-2.1/com.vaadin.external.flute/flute/1.3.0.gg2/48e8c3a235544a0506ca3081519ce114169242a/flute-1.3.0.gg2.jar
7fe96b532000-7fe96b533000 r--s 00003000 08:06 1966405                    /home/sanyi/.gradle/caches/modules-2/files-2.1/org.w3c.css/sac/1.3/cdb2dcb4e22b83d6b32b93095f644c3462739e82/sac-1.3.jar
7fe96b533000-7fe96b53d000 r--s 000ae000 08:06 2098179                    /home/sanyi/.gradle/caches/modules-2/files-2.1/org.javassist/javassist/3.20.0-GA/a9cbcdfb7e9f86fbc74d3afae65f2248bfbf82a0/javassist-3.20.0-GA.jar
7fe96b53d000-7fe96b53f000 r--s 00002000 08:06 2098177                    /home/sanyi/.gradle/caches/modules-2/files-2.1/org.glassfish.hk2.external/aopalliance-repackaged/2.5.0-b05/51becf370a71dad73e6bcc554efb7246ad24c492/aopalliance-repackaged-2.5.0-b05.jar
7fe96b53f000-7fe96b543000 r--s 0001a000 08:06 2098175                    /home/sanyi/.gradle/caches/modules-2/files-2.1/org.glassfish.hk2/hk2-utils/2.5.0-b05/ede783b3e16339f83603e3293c83bda7a88526bc/hk2-utils-2.5.0-b05.jar
7fe96b543000-7fe96b544000 r--s 00004000 08:06 2098173                    /home/sanyi/.gradle/caches/modules-2/files-2.1/org.glassfish.hk2/osgi-resource-locator/1.0.1/4ed2b2d4738aed5786cfa64cba5a332779c4c708/osgi-resource-locator-1.0.1.jar
7fe96b544000-7fe96b55c000 r--s 000d6000 08:06 2098171                    /home/sanyi/.gradle/caches/modules-2/files-2.1/org.glassfish.jersey.bundles.repackaged/jersey-guava/2.23.2/eead3375706f2d5df991e14821efe509bfb182e0/jersey-guava-2.23.2.jar
7fe96b55c000-7fe96b55f000 r--s 00015000 08:06 1966403                    /home/sanyi/.gradle/caches/modules-2/files-2.1/org.eclipse.jetty/jetty-security/9.3.8.v20160314/5291fa5e3098f08017bfcc7f950a7ce36c9544d7/jetty-security-9.3.8.v20160314.jar
7fe96b55f000-7fe96b566000 r--s 00060000 08:06 1312258                    /home/sanyi/.gradle/caches/modules-2/files-2.1/org.eclipse.jetty/jetty-util/9.3.8.v20160314/1d53c7a7e7715e67d6f4edec6c5b328ee162e65/jetty-util-9.3.8.v20160314.jar
7fe96b566000-7fe96b568000 r--s 00009000 08:06 1967005                    /home/sanyi/.gradle/caches/modules-2/files-2.1/org.hamcrest/hamcrest-core/1.3/42a25dc3219429f0e5d060061f71acb49bf010a0/hamcrest-core-1.3.jar
7fe96b568000-7fe96b62d000 r--s 00d2a000 08:06 278853                     /home/sanyi/.gradle/caches/modules-2/files-2.1/com.google.gwt/gwt-dev/2.8.0/f160a61272c5ebe805cd2d3d3256ed3ecf14893f/gwt-dev-2.8.0.jar
7fe96b62d000-7fe96b656000 r--s 002ae000 08:06 2495255                    /home/sanyi/.gradle/caches/modules-2/files-2.1/com.vaadin/vaadin-client/8.0.5/3c0afb99e1cebb695ee7a96e8a98fc67b4ded2ae/vaadin-client-8.0.5.jar
7fe96b656000-7fe96b657000 r--s 00005000 08:06 277475                     /home/sanyi/.gradle/caches/modules-2/files-2.1/com.googlecode.gentyref/gentyref/1.2.0/8d776d0a52d707fa29c7449ddd4d102ac7002d6c/gentyref-1.2.0.jar
7fe96b657000-7fe96b65d000 r--s 00047000 08:06 1182308                    /home/sanyi/.gradle/caches/modules-2/files-2.1/org.jsoup/jsoup/1.8.3/65fd012581ded67bc20945d85c32b4598c3a9cf1/jsoup-1.8.3.jar
7fe96b65d000-7fe96b666000 r--s 0007a000 08:06 1707361                    /home/sanyi/.gradle/caches/modules-2/files-2.1/com.vaadin/vaadin-sass-compiler/0.9.13/663088831773c35e033ea1538b96d817ce7cef52/vaadin-sass-compiler-0.9.13.jar
7fe96b666000-7fe96b669000 r--s 00012000 08:06 2098267                    /home/sanyi/.gradle/caches/modules-2/files-2.1/org.glassfish/javax.json/1.0.4/3178f73569fd7a1e5ffc464e680f7a8cc784b85a/javax.json-1.0.4.jar
7fe96b669000-7fe96b66c000 r--s 00015000 08:06 2098206                    /home/sanyi/.gradle/caches/modules-2/files-2.1/javax.validation/validation-api/1.1.0.Final/7d49b53caed9bd81d172807c3e096d24f3c57090/validation-api-1.1.0.Final-sources.jar
7fe96b66c000-7fe96b670000 r--s 0000c000 08:06 2098167                    /home/sanyi/.gradle/caches/modules-2/files-2.1/javax.validation/validation-api/1.1.0.Final/8613ae82954779d518631e05daa73a6a954817d5/validation-api-1.1.0.Final.jar
7fe96b670000-7fe96b673000 r--s 0002a000 08:06 2098165                    /home/sanyi/.gradle/caches/modules-2/files-2.1/org.glassfish.hk2/hk2-locator/2.5.0-b05/bed6e7565ce9491a53f047c17e3951b4dfd101fa/hk2-locator-2.5.0-b05.jar
7fe96b673000-7fe96b678000 r--s 00027000 08:06 2098161                    /home/sanyi/.gradle/caches/modules-2/files-2.1/org.glassfish.hk2/hk2-api/2.5.0-b05/d54a52f5b869b247348cb0ec08edd432c22ef65f/hk2-api-2.5.0-b05.jar
7fe96b678000-7fe96b67a000 r--s 00005000 08:06 2098159                    /home/sanyi/.gradle/caches/modules-2/files-2.1/javax.annotation/javax.annotation-api/1.2/479c1e06db31c432330183f5cae684163f186146/javax.annotation-api-1.2.jar
7fe96b67a000-7fe96b67c000 r--s 00010000 08:06 2098157                    /home/sanyi/.gradle/caches/modules-2/files-2.1/org.glassfish.jersey.media/jersey-media-jaxb/2.23.2/25c2d322e193371ab800367f553207290da1cb0b/jersey-media-jaxb-2.23.2.jar
7fe96b67c000-7fe96b680000 r--s 00019000 08:06 2098155                    /home/sanyi/.gradle/caches/modules-2/files-2.1/javax.ws.rs/javax.ws.rs-api/2.0.1/104e9c2b5583cfcfeac0402316221648d6d8ea6b/javax.ws.rs-api-2.0.1.jar
7fe96b680000-7fe96b685000 r--s 00025000 08:06 2098153                    /home/sanyi/.gradle/caches/modules-2/files-2.1/org.glassfish.jersey.core/jersey-client/2.23.2/90ea1d2edb93653d15fce3c3b4a20f2237690900/jersey-client-2.23.2.jar
7fe96b685000-7fe96b694000 r--s 000a0000 08:06 2098151                    /home/sanyi/.gradle/caches/modules-2/files-2.1/org.glassfish.jersey.core/jersey-common/2.23.2/84df56324789921fb408985dc1355f628de0b80c/jersey-common-2.23.2.jar
7fe96b694000-7fe96b69d000 r--s 0006f000 08:06 1312256                    /home/sanyi/.gradle/caches/modules-2/files-2.1/log4j/log4j/1.2.17/5af35056b4d257e4b64b9e8069c0746e8b08629f/log4j-1.2.17.jar
7fe96b69d000-7fe96b6a4000 r--s 00043000 08:06 1312254                    /home/sanyi/.gradle/caches/modules-2/files-2.1/ch.qos.logback/logback-core/0.9.26/abfae9ea939198c4c708f860ee58f7647f8936de/logback-core-0.9.26.jar
7fe96b6a4000-7fe96b6a7000 r--s 0001a000 08:06 1576575                    /home/sanyi/.gradle/caches/modules-2/files-2.1/org.eclipse.jetty/jetty-servlet/9.3.8.v20160314/ea5f25d3326d7745d9c21d405dcf6f878efbd5fb/jetty-servlet-9.3.8.v20160314.jar
7fe96b6a7000-7fe96b6a9000 r--s 0000b000 08:06 1443448                    /home/sanyi/.gradle/caches/modules-2/files-2.1/org.eclipse.jetty/jetty-xml/9.3.8.v20160314/f02bbbf71d7ea706a95fedf7e76c3ff243049bfc/jetty-xml-9.3.8.v20160314.jar
7fe96b6a9000-7fe96b6ab000 r--s 00018000 08:06 1312252                    /home/sanyi/.gradle/caches/modules-2/files-2.1/org.eclipse.jetty/jetty-io/9.3.8.v20160314/371e3c2b72d9a9737579ec0fdfd6a2a3ab8b8141/jetty-io-9.3.8.v20160314.jar
7fe96b6ab000-7fe96b6ae000 r--s 0001f000 08:06 1312250                    /home/sanyi/.gradle/caches/modules-2/files-2.1/org.eclipse.jetty/jetty-http/9.3.8.v20160314/127feb7407f4137ff4295b5fa2895845db56710/jetty-http-9.3.8.v20160314.jar
7fe96b6ae000-7fe96b6b6000 r--s 00045000 08:06 1967003                    /home/sanyi/.gradle/caches/modules-2/files-2.1/junit/junit/4.12/2973d150c0dc1fefe998f834810d68f278ea58ec/junit-4.12.jar
7fe96b6b6000-7fe96b6c0000 r--s 0063d000 08:06 2241381                    /home/sanyi/.gradle/caches/modules-2/files-2.1/com.vaadin/vaadin-themes/8.0.5/2b2cdc03fc5e9ceedc26cf7f1f53f5f39bbd8003/vaadin-themes-8.0.5.jar
7fe96b6c0000-7fe96b6df000 r--s 00225000 08:06 1970188                    /home/sanyi/.gradle/caches/modules-2/files-2.1/com.vaadin/vaadin-server/8.0.5/d34b0f133cf5405a9b22bc2c4928427aed613893/vaadin-server-8.0.5.jar
7fe96b6df000-7fe96b6f5000 r--s 000d3000 08:06 2098145                    /home/sanyi/.gradle/caches/modules-2/files-2.1/org.glassfish.jersey.core/jersey-server/2.23.2/f17025b8e32b48bee43b2c9ca40e21fc90cf38fb/jersey-server-2.23.2.jar
7fe96b6f5000-7fe96b6f6000 ---p 00000000 00:00 0 
7fe96b6f6000-7fe96b7f6000 rw-p 00000000 00:00 0 
7fe96b7f6000-7fe96b7f9000 ---p 00000000 00:00 0 
7fe96b7f9000-7fe96b8f7000 rw-p 00000000 00:00 0 
7fe96b8f7000-7fe96b8fa000 ---p 00000000 00:00 0 
7fe96b8fa000-7fe96b9f8000 rw-p 00000000 00:00 0 
7fe96b9f8000-7fe96b9fb000 ---p 00000000 00:00 0 
7fe96b9fb000-7fe96baf9000 rw-p 00000000 00:00 0 
7fe96baf9000-7fe96bafc000 ---p 00000000 00:00 0 
7fe96bafc000-7fe96bbfa000 rw-p 00000000 00:00 0 
7fe96bbfa000-7fe96bbfd000 ---p 00000000 00:00 0 
7fe96bbfd000-7fe96bcfb000 rw-p 00000000 00:00 0 
7fe96bcfb000-7fe96bcfe000 ---p 00000000 00:00 0 
7fe96bcfe000-7fe96bdfc000 rw-p 00000000 00:00 0 
7fe96bdfc000-7fe96be00000 r-xp 00000000 08:05 549271                     /usr/lib/jvm/java-8-oracle/jre/lib/amd64/libdt_socket.so
7fe96be00000-7fe96bfff000 ---p 00004000 08:05 549271                     /usr/lib/jvm/java-8-oracle/jre/lib/amd64/libdt_socket.so
7fe96bfff000-7fe96c000000 rw-p 00003000 08:05 549271                     /usr/lib/jvm/java-8-oracle/jre/lib/amd64/libdt_socket.so
7fe96c000000-7fe96c021000 rw-p 00000000 00:00 0 
7fe96c021000-7fe970000000 ---p 00000000 00:00 0 
7fe970000000-7fe970021000 rw-p 00000000 00:00 0 
7fe970021000-7fe974000000 ---p 00000000 00:00 0 
7fe974000000-7fe974021000 rw-p 00000000 00:00 0 
7fe974021000-7fe978000000 ---p 00000000 00:00 0 
7fe978000000-7fe978053000 rw-p 00000000 00:00 0 
7fe978053000-7fe97c000000 ---p 00000000 00:00 0 
7fe97c000000-7fe97c021000 rw-p 00000000 00:00 0 
7fe97c021000-7fe980000000 ---p 00000000 00:00 0 
7fe980000000-7fe980021000 rw-p 00000000 00:00 0 
7fe980021000-7fe984000000 ---p 00000000 00:00 0 
7fe984000000-7fe984021000 rw-p 00000000 00:00 0 
7fe984021000-7fe988000000 ---p 00000000 00:00 0 
7fe988000000-7fe988001000 r--s 00001000 08:06 2098269                    /home/sanyi/.gradle/caches/modules-2/files-2.1/org.glassfish/jsonp-jaxrs/1.0/e3ac0e8e9b615f4d232dbe767c9c11f62ccf3cb8/jsonp-jaxrs-1.0.jar
7fe988001000-7fe988004000 r--s 00015000 08:06 1312248                    /home/sanyi/.gradle/caches/modules-2/files-2.1/javax.servlet/javax.servlet-api/3.1.0/3cd63d075497751784b2fa84be59432f4905bf7c/javax.servlet-api-3.1.0.jar
7fe988004000-7fe988006000 r--s 000b9000 08:06 2495253                    /home/sanyi/.gradle/caches/modules-2/files-2.1/com.vaadin/vaadin-client-compiled/8.0.5/7c518172aea860f978435331b618ac554ad3ca9e/vaadin-client-compiled-8.0.5.jar
7fe988006000-7fe988015000 r--s 0005d000 08:06 2100708                    /home/sanyi/.gradle/caches/modules-2/files-2.1/com.vaadin/vaadin-shared/8.0.5/aa77b5fc463eea1e062ccd4786d1ad0b4638c6e0/vaadin-shared-8.0.5.jar
7fe988015000-7fe988035000 r--s 001a9000 08:06 281404                     /home/sanyi/.gradle/caches/modules-2/files-2.1/org.apache.poi/poi/3.9/5d5e41354e88322e4bc590b31f3d2d1d52b3e6ac/poi-3.9.jar
7fe988035000-7fe988038000 ---p 00000000 00:00 0 
7fe988038000-7fe988136000 rw-p 00000000 00:00 0 
7fe988136000-7fe988139000 ---p 00000000 00:00 0 
7fe988139000-7fe988237000 rw-p 00000000 00:00 0 
7fe988237000-7fe98823a000 ---p 00000000 00:00 0 
7fe98823a000-7fe988338000 rw-p 00000000 00:00 0 
7fe988338000-7fe98833b000 ---p 00000000 00:00 0 
7fe98833b000-7fe988439000 rw-p 00000000 00:00 0 
7fe988439000-7fe98843a000 ---p 00000000 00:00 0 
7fe98843a000-7fe98953d000 rw-p 00000000 00:00 0 
7fe98953d000-7fe989716000 r--s 03d29000 08:05 549224                     /usr/lib/jvm/java-8-oracle/jre/lib/rt.jar
7fe989716000-7fe992407000 rw-p 00000000 00:00 0 
7fe992407000-7fe992408000 ---p 00000000 00:00 0 
7fe992408000-7fe992508000 rw-p 00000000 00:00 0 
7fe992508000-7fe992509000 ---p 00000000 00:00 0 
7fe992509000-7fe992609000 rw-p 00000000 00:00 0 
7fe992609000-7fe99260a000 ---p 00000000 00:00 0 
7fe99260a000-7fe99270a000 rw-p 00000000 00:00 0 
7fe99270a000-7fe99270b000 ---p 00000000 00:00 0 
7fe99270b000-7fe992834000 rw-p 00000000 00:00 0 
7fe992834000-7fe992d3d000 ---p 00000000 00:00 0 
7fe992d3d000-7fe992d66000 rw-p 00000000 00:00 0 
7fe992d66000-7fe99326f000 ---p 00000000 00:00 0 
7fe99326f000-7fe993378000 rw-p 00000000 00:00 0 
7fe993378000-7fe993508000 ---p 00000000 00:00 0 
7fe993508000-7fe993538000 rw-p 00000000 00:00 0 
7fe993538000-7fe9938c9000 ---p 00000000 00:00 0 
7fe9938c9000-7fe994469000 rwxp 00000000 00:00 0 
7fe994469000-7fe9a28c9000 ---p 00000000 00:00 0 
7fe9a28c9000-7fe9a28e3000 r-xp 00000000 08:05 549253                     /usr/lib/jvm/java-8-oracle/jre/lib/amd64/libzip.so
7fe9a28e3000-7fe9a2ae3000 ---p 0001a000 08:05 549253                     /usr/lib/jvm/java-8-oracle/jre/lib/amd64/libzip.so
7fe9a2ae3000-7fe9a2ae4000 rw-p 0001a000 08:05 549253                     /usr/lib/jvm/java-8-oracle/jre/lib/amd64/libzip.so
7fe9a2ae4000-7fe9a2aef000 r-xp 00000000 08:05 148481                     /lib/x86_64-linux-gnu/libnss_files-2.23.so
7fe9a2aef000-7fe9a2cee000 ---p 0000b000 08:05 148481                     /lib/x86_64-linux-gnu/libnss_files-2.23.so
7fe9a2cee000-7fe9a2cef000 r--p 0000a000 08:05 148481                     /lib/x86_64-linux-gnu/libnss_files-2.23.so
7fe9a2cef000-7fe9a2cf0000 rw-p 0000b000 08:05 148481                     /lib/x86_64-linux-gnu/libnss_files-2.23.so
7fe9a2cf0000-7fe9a2cf6000 rw-p 00000000 00:00 0 
7fe9a2cf6000-7fe9a2d01000 r-xp 00000000 08:05 148487                     /lib/x86_64-linux-gnu/libnss_nis-2.23.so
7fe9a2d01000-7fe9a2f00000 ---p 0000b000 08:05 148487                     /lib/x86_64-linux-gnu/libnss_nis-2.23.so
7fe9a2f00000-7fe9a2f01000 r--p 0000a000 08:05 148487                     /lib/x86_64-linux-gnu/libnss_nis-2.23.so
7fe9a2f01000-7fe9a2f02000 rw-p 0000b000 08:05 148487                     /lib/x86_64-linux-gnu/libnss_nis-2.23.so
7fe9a2f02000-7fe9a2f18000 r-xp 00000000 08:05 131091                     /lib/x86_64-linux-gnu/libnsl-2.23.so
7fe9a2f18000-7fe9a3117000 ---p 00016000 08:05 131091                     /lib/x86_64-linux-gnu/libnsl-2.23.so
7fe9a3117000-7fe9a3118000 r--p 00015000 08:05 131091                     /lib/x86_64-linux-gnu/libnsl-2.23.so
7fe9a3118000-7fe9a3119000 rw-p 00016000 08:05 131091                     /lib/x86_64-linux-gnu/libnsl-2.23.so
7fe9a3119000-7fe9a311b000 rw-p 00000000 00:00 0 
7fe9a311b000-7fe9a3123000 r-xp 00000000 08:05 148498                     /lib/x86_64-linux-gnu/libnss_compat-2.23.so
7fe9a3123000-7fe9a3322000 ---p 00008000 08:05 148498                     /lib/x86_64-linux-gnu/libnss_compat-2.23.so
7fe9a3322000-7fe9a3323000 r--p 00007000 08:05 148498                     /lib/x86_64-linux-gnu/libnss_compat-2.23.so
7fe9a3323000-7fe9a3324000 rw-p 00008000 08:05 148498                     /lib/x86_64-linux-gnu/libnss_compat-2.23.so
7fe9a3324000-7fe9a3783000 r--p 00000000 08:05 393773                     /usr/lib/locale/locale-archive
7fe9a3783000-7fe9a37bc000 r-xp 00000000 08:05 549229                     /usr/lib/jvm/java-8-oracle/jre/lib/amd64/libjdwp.so
7fe9a37bc000-7fe9a39bb000 ---p 00039000 08:05 549229                     /usr/lib/jvm/java-8-oracle/jre/lib/amd64/libjdwp.so
7fe9a39bb000-7fe9a39bd000 rw-p 00038000 08:05 549229                     /usr/lib/jvm/java-8-oracle/jre/lib/amd64/libjdwp.so
7fe9a39bd000-7fe9a39e7000 r-xp 00000000 08:05 549279                     /usr/lib/jvm/java-8-oracle/jre/lib/amd64/libjava.so
7fe9a39e7000-7fe9a3be7000 ---p 0002a000 08:05 549279                     /usr/lib/jvm/java-8-oracle/jre/lib/amd64/libjava.so
7fe9a3be7000-7fe9a3be9000 rw-p 0002a000 08:05 549279                     /usr/lib/jvm/java-8-oracle/jre/lib/amd64/libjava.so
7fe9a3be9000-7fe9a3bf6000 r-xp 00000000 08:05 549233                     /usr/lib/jvm/java-8-oracle/jre/lib/amd64/libverify.so
7fe9a3bf6000-7fe9a3df6000 ---p 0000d000 08:05 549233                     /usr/lib/jvm/java-8-oracle/jre/lib/amd64/libverify.so
7fe9a3df6000-7fe9a3df8000 rw-p 0000d000 08:05 549233                     /usr/lib/jvm/java-8-oracle/jre/lib/amd64/libverify.so
7fe9a3df8000-7fe9a3dff000 r-xp 00000000 08:05 148491                     /lib/x86_64-linux-gnu/librt-2.23.so
7fe9a3dff000-7fe9a3ffe000 ---p 00007000 08:05 148491                     /lib/x86_64-linux-gnu/librt-2.23.so
7fe9a3ffe000-7fe9a3fff000 r--p 00006000 08:05 148491                     /lib/x86_64-linux-gnu/librt-2.23.so
7fe9a3fff000-7fe9a4000000 rw-p 00007000 08:05 148491                     /lib/x86_64-linux-gnu/librt-2.23.so
7fe9a4000000-7fe9a481e000 rw-p 00000000 00:00 0 
7fe9a481e000-7fe9a8000000 ---p 00000000 00:00 0 
7fe9a8000000-7fe9a8001000 r--s 00001000 08:06 2098163                    /home/sanyi/.gradle/caches/modules-2/files-2.1/org.glassfish.hk2.external/javax.inject/2.5.0-b05/aad1872e1bf5e573229b7ec143d6f83f33b753e4/javax.inject-2.5.0-b05.jar
7fe9a8001000-7fe9a8003000 r-xp 00000000 08:05 549261                     /usr/lib/jvm/java-8-oracle/jre/lib/amd64/libnpt.so
7fe9a8003000-7fe9a8203000 ---p 00002000 08:05 549261                     /usr/lib/jvm/java-8-oracle/jre/lib/amd64/libnpt.so
7fe9a8203000-7fe9a8204000 rw-p 00002000 08:05 549261                     /usr/lib/jvm/java-8-oracle/jre/lib/amd64/libnpt.so
7fe9a8204000-7fe9a830c000 r-xp 00000000 08:05 148508                     /lib/x86_64-linux-gnu/libm-2.23.so
7fe9a830c000-7fe9a850b000 ---p 00108000 08:05 148508                     /lib/x86_64-linux-gnu/libm-2.23.so
7fe9a850b000-7fe9a850c000 r--p 00107000 08:05 148508                     /lib/x86_64-linux-gnu/libm-2.23.so
7fe9a850c000-7fe9a850d000 rw-p 00108000 08:05 148508                     /lib/x86_64-linux-gnu/libm-2.23.so
7fe9a850d000-7fe9a91d8000 r-xp 00000000 08:05 549283                     /usr/lib/jvm/java-8-oracle/jre/lib/amd64/server/libjvm.so
7fe9a91d8000-7fe9a93d7000 ---p 00ccb000 08:05 549283                     /usr/lib/jvm/java-8-oracle/jre/lib/amd64/server/libjvm.so
7fe9a93d7000-7fe9a94b0000 rw-p 00cca000 08:05 549283                     /usr/lib/jvm/java-8-oracle/jre/lib/amd64/server/libjvm.so
7fe9a94b0000-7fe9a94fb000 rw-p 00000000 00:00 0 
7fe9a94fb000-7fe9a96bb000 r-xp 00000000 08:05 148518                     /lib/x86_64-linux-gnu/libc-2.23.so
7fe9a96bb000-7fe9a98bb000 ---p 001c0000 08:05 148518                     /lib/x86_64-linux-gnu/libc-2.23.so
7fe9a98bb000-7fe9a98bf000 r--p 001c0000 08:05 148518                     /lib/x86_64-linux-gnu/libc-2.23.so
7fe9a98bf000-7fe9a98c1000 rw-p 001c4000 08:05 148518                     /lib/x86_64-linux-gnu/libc-2.23.so
7fe9a98c1000-7fe9a98c5000 rw-p 00000000 00:00 0 
7fe9a98c5000-7fe9a98c8000 r-xp 00000000 08:05 148496                     /lib/x86_64-linux-gnu/libdl-2.23.so
7fe9a98c8000-7fe9a9ac7000 ---p 00003000 08:05 148496                     /lib/x86_64-linux-gnu/libdl-2.23.so
7fe9a9ac7000-7fe9a9ac8000 r--p 00002000 08:05 148496                     /lib/x86_64-linux-gnu/libdl-2.23.so
7fe9a9ac8000-7fe9a9ac9000 rw-p 00003000 08:05 148496                     /lib/x86_64-linux-gnu/libdl-2.23.so
7fe9a9ac9000-7fe9a9ade000 r-xp 00000000 08:05 288565                     /usr/lib/jvm/java-8-oracle/lib/amd64/jli/libjli.so
7fe9a9ade000-7fe9a9cde000 ---p 00015000 08:05 288565                     /usr/lib/jvm/java-8-oracle/lib/amd64/jli/libjli.so
7fe9a9cde000-7fe9a9cdf000 rw-p 00015000 08:05 288565                     /usr/lib/jvm/java-8-oracle/lib/amd64/jli/libjli.so
7fe9a9cdf000-7fe9a9cf7000 r-xp 00000000 08:05 148486                     /lib/x86_64-linux-gnu/libpthread-2.23.so
7fe9a9cf7000-7fe9a9ef6000 ---p 00018000 08:05 148486                     /lib/x86_64-linux-gnu/libpthread-2.23.so
7fe9a9ef6000-7fe9a9ef7000 r--p 00017000 08:05 148486                     /lib/x86_64-linux-gnu/libpthread-2.23.so
7fe9a9ef7000-7fe9a9ef8000 rw-p 00018000 08:05 148486                     /lib/x86_64-linux-gnu/libpthread-2.23.so
7fe9a9ef8000-7fe9a9efc000 rw-p 00000000 00:00 0 
7fe9a9efc000-7fe9a9f22000 r-xp 00000000 08:05 131157                     /lib/x86_64-linux-gnu/ld-2.23.so
7fe9a9f22000-7fe9a9f24000 r--s 00020000 08:06 2361366                    /home/sanyi/.gradle/caches/modules-2/files-2.1/com.vaadin/vaadin-client-compiler/8.0.5/b73714f36760bbabe419481a05867accf1155a84/vaadin-client-compiler-8.0.5.jar
7fe9a9f24000-7fe9a9f26000 r--s 00001000 08:06 1312246                    /home/sanyi/.gradle/caches/modules-2/files-2.1/org.slf4j/slf4j-log4j12/1.7.12/485f77901840cf4e8bf852f2abb9b723eb8ec29/slf4j-log4j12-1.7.12.jar
7fe9a9f26000-7fe9a9f2b000 r--s 00037000 08:06 1312242                    /home/sanyi/.gradle/caches/modules-2/files-2.1/ch.qos.logback/logback-classic/0.9.26/42253815f22c35f3a9b9a34fd0feca62eec8c78e/logback-classic-0.9.26.jar
7fe9a9f2b000-7fe9a9ffc000 rw-p 00000000 00:00 0 
7fe9a9ffc000-7fe9a9fff000 ---p 00000000 00:00 0 
7fe9a9fff000-7fe9aa101000 rw-p 00000000 00:00 0 
7fe9aa101000-7fe9aa102000 r--s 00001000 08:06 2098265                    /home/sanyi/.gradle/caches/modules-2/files-2.1/org.glassfish.jersey.media/jersey-media-json-processing/2.23.2/f2cc6248d04bd3e4f1b3b9a0df6acbce381f823f/jersey-media-json-processing-2.23.2.jar
7fe9aa102000-7fe9aa104000 r--s 00000000 08:06 1312244                    /home/sanyi/.gradle/caches/modules-2/files-2.1/org.slf4j/jul-to-slf4j/1.7.12/8811e2e9ab9055e557598dc9aedc64fd43e0ab20/jul-to-slf4j-1.7.12.jar
7fe9aa104000-7fe9aa10c000 r--s 0006e000 08:06 1837681                    /home/sanyi/.gradle/caches/modules-2/files-2.1/org.apache.commons/commons-lang3/3.5/6c6c702c89bfff3cd9e80b04d668c5e190d588c6/commons-lang3-3.5.jar
7fe9aa10c000-7fe9aa10e000 r--s 0001a000 08:06 789578                     /home/sanyi/.gradle/caches/modules-2/files-2.1/org.eclipse.jetty/jetty-webapp/9.3.8.v20160314/2f0dfef84af7c97f2a1f14db65aa3f37349420e4/jetty-webapp-9.3.8.v20160314.jar
7fe9aa10e000-7fe9aa115000 r--s 00070000 08:06 1312240                    /home/sanyi/.gradle/caches/modules-2/files-2.1/org.eclipse.jetty/jetty-server/9.3.8.v20160314/da8366f602f35d4c3177cb081472e2fc4abe04ea/jetty-server-9.3.8.v20160314.jar
7fe9aa115000-7fe9aa11d000 rw-s 00000000 08:05 115                        /tmp/hsperfdata_sanyi/21647
7fe9aa11d000-7fe9aa11e000 rw-p 00000000 00:00 0 
7fe9aa11e000-7fe9aa11f000 r--p 00000000 00:00 0 
7fe9aa11f000-7fe9aa121000 rw-p 00000000 00:00 0 
7fe9aa121000-7fe9aa122000 r--p 00025000 08:05 131157                     /lib/x86_64-linux-gnu/ld-2.23.so
7fe9aa122000-7fe9aa123000 rw-p 00026000 08:05 131157                     /lib/x86_64-linux-gnu/ld-2.23.so
7fe9aa123000-7fe9aa124000 rw-p 00000000 00:00 0 
7fff662d1000-7fff662f6000 rw-p 00000000 00:00 0                          [stack]
7fff66375000-7fff66377000 r--p 00000000 00:00 0                          [vvar]
7fff66377000-7fff66379000 r-xp 00000000 00:00 0                          [vdso]
ffffffffff600000-ffffffffff601000 r-xp 00000000 00:00 0                  [vsyscall]

VM Arguments:
jvm_args: -agentlib:jdwp=transport=dt_socket,suspend=y,address=localhost:37252 -Dfile.encoding=UTF-8 
java_command: hu.lae.Main
java_class_path (initial): /home/sanyi/Projects/loan-approval-engine/source/loan-approval-engine/bin:/home/sanyi/.gradle/caches/modules-2/files-2.1/org.eclipse.jetty/jetty-server/9.3.8.v20160314/da8366f602f35d4c3177cb081472e2fc4abe04ea/jetty-server-9.3.8.v20160314.jar:/home/sanyi/.gradle/caches/modules-2/files-2.1/org.eclipse.jetty/jetty-webapp/9.3.8.v20160314/2f0dfef84af7c97f2a1f14db65aa3f37349420e4/jetty-webapp-9.3.8.v20160314.jar:/home/sanyi/.gradle/caches/modules-2/files-2.1/org.apache.commons/commons-lang3/3.5/6c6c702c89bfff3cd9e80b04d668c5e190d588c6/commons-lang3-3.5.jar:/home/sanyi/.gradle/caches/modules-2/files-2.1/org.apache.poi/poi/3.9/5d5e41354e88322e4bc590b31f3d2d1d52b3e6ac/poi-3.9.jar:/home/sanyi/.gradle/caches/modules-2/files-2.1/ch.qos.logback/logback-classic/0.9.26/42253815f22c35f3a9b9a34fd0feca62eec8c78e/logback-classic-0.9.26.jar:/home/sanyi/.gradle/caches/modules-2/files-2.1/org.slf4j/jul-to-slf4j/1.7.12/8811e2e9ab9055e557598dc9aedc64fd43e0ab20/jul-to-slf4j-1.7.12.jar:/home/sanyi/.gradle/caches/modules-2/files-2.1/org.slf4j/slf4j-log4j12/1.7.12/485f77901840cf4e8bf852f2abb9b723eb8ec29/slf4j-log4j12-1.7.12.jar:/home/sanyi/.gradle/caches/modules-2/files-2.1/org.glassfish.jersey.core/jersey-server/2.23.2/f17025b8e32b48bee43b2c9ca40e21fc90cf38fb/jersey-server-2.23.2.jar:/home/sanyi/.gradle/caches/modules-2/files-2.1/org.glassfish.jersey.media/jersey-media-json-processing/2.23.2/f2cc6248d04bd3e4f1b3b9a0df6acbce381f823f/jersey-media-json-processing-2.23.2.jar:/home/sanyi/.gradle/caches/modules-2/files-2.1/com.vaadin/vaadin-server/8.0.5/d34b0f133cf5405a9b22bc2c4928427aed613893/vaadin-server-8.0.5.jar:/home/sanyi/.gradle/caches/modules-2/files-2.1/com.vaadin/vaadin-shared/8.0.5/aa77b5fc463eea1e062ccd4786d1ad0b4638c6e0/vaadin-shared-8.0.5.jar:/home/sanyi/.gradle/caches/modules-2/files-2.1/com.vaadin/vaadin-themes/8.0.5/2b2cdc03fc5e9ceedc26cf7f1f53f5f39bbd8003/vaadin-themes-8.0.5.jar:/home/sanyi/.gradle/caches/modules-2/files-2.1/com.vaadin/vaadin-client-c
Launcher Type: SUN_STANDARD

Environment Variables:
PATH=/home/sanyi/bin:/home/sanyi/.local/bin:/usr/local/sbin:/usr/local/bin:/usr/sbin:/usr/bin:/sbin:/bin:/usr/games:/usr/local/games:/snap/bin
SHELL=/bin/bash
DISPLAY=:0

Signal Handlers:
SIGSEGV: [libjvm.so+0xac4790], sa_mask[0]=11111111011111111101111111111110, sa_flags=SA_RESTART|SA_SIGINFO
SIGBUS: [libjvm.so+0xac4790], sa_mask[0]=11111111011111111101111111111110, sa_flags=SA_RESTART|SA_SIGINFO
SIGFPE: [libjvm.so+0x91f140], sa_mask[0]=11111111011111111101111111111110, sa_flags=SA_RESTART|SA_SIGINFO
SIGPIPE: [libjvm.so+0x91f140], sa_mask[0]=11111111011111111101111111111110, sa_flags=SA_RESTART|SA_SIGINFO
SIGXFSZ: [libjvm.so+0x91f140], sa_mask[0]=11111111011111111101111111111110, sa_flags=SA_RESTART|SA_SIGINFO
SIGILL: [libjvm.so+0x91f140], sa_mask[0]=11111111011111111101111111111110, sa_flags=SA_RESTART|SA_SIGINFO
SIGUSR1: SIG_DFL, sa_mask[0]=00000000000000000000000000000000, sa_flags=none
SIGUSR2: [libjvm.so+0x920770], sa_mask[0]=00100000000000000000000000000000, sa_flags=SA_RESTART|SA_SIGINFO
SIGHUP: [libjvm.so+0x921b70], sa_mask[0]=11111111011111111101111111111110, sa_flags=SA_RESTART|SA_SIGINFO
SIGINT: [libjvm.so+0x921b70], sa_mask[0]=11111111011111111101111111111110, sa_flags=SA_RESTART|SA_SIGINFO
SIGTERM: [libjvm.so+0x921b70], sa_mask[0]=11111111011111111101111111111110, sa_flags=SA_RESTART|SA_SIGINFO
SIGQUIT: [libjvm.so+0x921b70], sa_mask[0]=11111111011111111101111111111110, sa_flags=SA_RESTART|SA_SIGINFO


---------------  S Y S T E M  ---------------

OS:DISTRIB_ID=Ubuntu
DISTRIB_RELEASE=16.04
DISTRIB_CODENAME=xenial
DISTRIB_DESCRIPTION="Ubuntu 16.04.1 LTS"

uname:Linux 4.4.0-83-generic #106-Ubuntu SMP Mon Jun 26 17:54:43 UTC 2017 x86_64
libc:glibc 2.23 NPTL 2.23 
rlimit: STACK 8192k, CORE 0k, NPROC 63681, NOFILE 65536, AS infinity
load average:1,65 1,46 1,43

/proc/meminfo:
MemTotal:       16341380 kB
MemFree:         5566496 kB
MemAvailable:    6271760 kB
Buffers:          121372 kB
Cached:          1450056 kB
SwapCached:       317712 kB
Active:          8808888 kB
Inactive:        1578988 kB
Active(anon):    8297432 kB
Inactive(anon):  1177392 kB
Active(file):     511456 kB
Inactive(file):   401596 kB
Unevictable:        1580 kB
Mlocked:            1580 kB
SwapTotal:      17576956 kB
SwapFree:       11447072 kB
Dirty:               224 kB
Writeback:             0 kB
AnonPages:       8749368 kB
Mapped:           593784 kB
Shmem:            658376 kB
Slab:             155120 kB
SReclaimable:      87964 kB
SUnreclaim:        67156 kB
KernelStack:       21872 kB
PageTables:        97672 kB
NFS_Unstable:          0 kB
Bounce:                0 kB
WritebackTmp:          0 kB
CommitLimit:    25747644 kB
Committed_AS:   29610736 kB
VmallocTotal:   34359738367 kB
VmallocUsed:           0 kB
VmallocChunk:          0 kB
HardwareCorrupted:     0 kB
AnonHugePages:   4530176 kB
CmaTotal:              0 kB
CmaFree:               0 kB
HugePages_Total:       0
HugePages_Free:        0
HugePages_Rsvd:        0
HugePages_Surp:        0
Hugepagesize:       2048 kB
DirectMap4k:      400288 kB
DirectMap2M:    16285696 kB
DirectMap1G:     1048576 kB


CPU:total 4 (2 cores per cpu, 2 threads per core) family 6 model 61 stepping 4, cmov, cx8, fxsr, mmx, sse, sse2, sse3, ssse3, sse4.1, sse4.2, popcnt, avx, avx2, aes, clmul, erms, 3dnowpref, lzcnt, ht, tsc, tscinvbit, bmi1, bmi2, adx

/proc/cpuinfo:
processor	: 0
vendor_id	: GenuineIntel
cpu family	: 6
model		: 61
model name	: Intel(R) Core(TM) i7-5500U CPU @ 2.40GHz
stepping	: 4
microcode	: 0x22
cpu MHz		: 2882.437
cache size	: 4096 KB
physical id	: 0
siblings	: 4
core id		: 0
cpu cores	: 2
apicid		: 0
initial apicid	: 0
fpu		: yes
fpu_exception	: yes
cpuid level	: 20
wp		: yes
flags		: fpu vme de pse tsc msr pae mce cx8 apic sep mtrr pge mca cmov pat pse36 clflush dts acpi mmx fxsr sse sse2 ss ht tm pbe syscall nx pdpe1gb rdtscp lm constant_tsc arch_perfmon pebs bts rep_good nopl xtopology nonstop_tsc aperfmperf eagerfpu pni pclmulqdq dtes64 monitor ds_cpl vmx est tm2 ssse3 sdbg fma cx16 xtpr pdcm pcid sse4_1 sse4_2 x2apic movbe popcnt tsc_deadline_timer aes xsave avx f16c rdrand lahf_lm abm 3dnowprefetch epb intel_pt tpr_shadow vnmi flexpriority ept vpid fsgsbase tsc_adjust bmi1 avx2 smep bmi2 erms invpcid rdseed adx smap xsaveopt dtherm ida arat pln pts
bugs		:
bogomips	: 4788.84
clflush size	: 64
cache_alignment	: 64
address sizes	: 39 bits physical, 48 bits virtual
power management:

processor	: 1
vendor_id	: GenuineIntel
cpu family	: 6
model		: 61
model name	: Intel(R) Core(TM) i7-5500U CPU @ 2.40GHz
stepping	: 4
microcode	: 0x22
cpu MHz		: 2917.031
cache size	: 4096 KB
physical id	: 0
siblings	: 4
core id		: 1
cpu cores	: 2
apicid		: 2
initial apicid	: 2
fpu		: yes
fpu_exception	: yes
cpuid level	: 20
wp		: yes
flags		: fpu vme de pse tsc msr pae mce cx8 apic sep mtrr pge mca cmov pat pse36 clflush dts acpi mmx fxsr sse sse2 ss ht tm pbe syscall nx pdpe1gb rdtscp lm constant_tsc arch_perfmon pebs bts rep_good nopl xtopology nonstop_tsc aperfmperf eagerfpu pni pclmulqdq dtes64 monitor ds_cpl vmx est tm2 ssse3 sdbg fma cx16 xtpr pdcm pcid sse4_1 sse4_2 x2apic movbe popcnt tsc_deadline_timer aes xsave avx f16c rdrand lahf_lm abm 3dnowprefetch epb intel_pt tpr_shadow vnmi flexpriority ept vpid fsgsbase tsc_adjust bmi1 avx2 smep bmi2 erms invpcid rdseed adx smap xsaveopt dtherm ida arat pln pts
bugs		:
bogomips	: 4788.84
clflush size	: 64
cache_alignment	: 64
address sizes	: 39 bits physical, 48 bits virtual
power management:

processor	: 2
vendor_id	: GenuineIntel
cpu family	: 6
model		: 61
model name	: Intel(R) Core(TM) i7-5500U CPU @ 2.40GHz
stepping	: 4
microcode	: 0x22
cpu MHz		: 2876.250
cache size	: 4096 KB
physical id	: 0
siblings	: 4
core id		: 0
cpu cores	: 2
apicid		: 1
initial apicid	: 1
fpu		: yes
fpu_exception	: yes
cpuid level	: 20
wp		: yes
flags		: fpu vme de pse tsc msr pae mce cx8 apic sep mtrr pge mca cmov pat pse36 clflush dts acpi mmx fxsr sse sse2 ss ht tm pbe syscall nx pdpe1gb rdtscp lm constant_tsc arch_perfmon pebs bts rep_good nopl xtopology nonstop_tsc aperfmperf eagerfpu pni pclmulqdq dtes64 monitor ds_cpl vmx est tm2 ssse3 sdbg fma cx16 xtpr pdcm pcid sse4_1 sse4_2 x2apic movbe popcnt tsc_deadline_timer aes xsave avx f16c rdrand lahf_lm abm 3dnowprefetch epb intel_pt tpr_shadow vnmi flexpriority ept vpid fsgsbase tsc_adjust bmi1 avx2 smep bmi2 erms invpcid rdseed adx smap xsaveopt dtherm ida arat pln pts
bugs		:
bogomips	: 4788.84
clflush size	: 64
cache_alignment	: 64
address sizes	: 39 bits physical, 48 bits virtual
power management:

processor	: 3
vendor_id	: GenuineIntel
cpu family	: 6
model		: 61
model name	: Intel(R) Core(TM) i7-5500U CPU @ 2.40GHz
stepping	: 4
microcode	: 0x22
cpu MHz		: 2867.531
cache size	: 4096 KB
physical id	: 0
siblings	: 4
core id		: 1
cpu cores	: 2
apicid		: 3
initial apicid	: 3
fpu		: yes
fpu_exception	: yes
cpuid level	: 20
wp		: yes
flags		: fpu vme de pse tsc msr pae mce cx8 apic sep mtrr pge mca cmov pat pse36 clflush dts acpi mmx fxsr sse sse2 ss ht tm pbe syscall nx pdpe1gb rdtscp lm constant_tsc arch_perfmon pebs bts rep_good nopl xtopology nonstop_tsc aperfmperf eagerfpu pni pclmulqdq dtes64 monitor ds_cpl vmx est tm2 ssse3 sdbg fma cx16 xtpr pdcm pcid sse4_1 sse4_2 x2apic movbe popcnt tsc_deadline_timer aes xsave avx f16c rdrand lahf_lm abm 3dnowprefetch epb intel_pt tpr_shadow vnmi flexpriority ept vpid fsgsbase tsc_adjust bmi1 avx2 smep bmi2 erms invpcid rdseed adx smap xsaveopt dtherm ida arat pln pts
bugs		:
bogomips	: 4788.84
clflush size	: 64
cache_alignment	: 64
address sizes	: 39 bits physical, 48 bits virtual
power management:



Memory: 4k page, physical 16341380k(5566496k free), swap 17576956k(11447072k free)

vm_info: Java HotSpot(TM) 64-Bit Server VM (25.101-b13) for linux-amd64 JRE (1.8.0_101-b13), built on Jun 22 2016 02:59:44 by "java_re" with gcc 4.3.0 20080428 (Red Hat 4.3.0-8)

time: Thu Aug  3 16:36:06 2017
elapsed time: 802 seconds (0d 0h 13m 22s)

